Using pre-set license
Built from '2020.3/china_unity/release' branch; Version is '2020.3.1f1c1 (3e9f4b065a9d) revision 4104011'; Using compiler version '192528614'; Build Type 'Release'
OS: 'Windows 10 Home China; OS build 19042.1110; Version 2009; 64bit' Language: 'zh' Physical Memory: 65249 MB
BatchMode: 1, IsHumanControllingUs: 0, StartBugReporterOnCrash: 0, Is64bit: 1, IsPro: 0

 COMMAND LINE ARGUMENTS:
C:\Program Files\Unity\Hub\Editor\2020.3.1f1c1\Editor\Unity.exe
-adb2
-batchMode
-noUpm
-name
AssetImportWorker0
-projectPath
D:/Joker/Codes/SRP/Chapter04
-logFile
Logs/AssetImportWorker0.log
-srvPort
54608
Successfully changed project path to: D:/Joker/Codes/SRP/Chapter04
D:/Joker/Codes/SRP/Chapter04
Using Asset Import Pipeline V2.
Refreshing native plugins compatible for Editor in 19.63 ms, found 0 plugins.
Preloading 0 native plugins for Editor in 0.00 ms.
Initialize engine version: 2020.3.1f1c1 (3e9f4b065a9d)
[Subsystems] Discovering subsystems at path C:/Program Files/Unity/Hub/Editor/2020.3.1f1c1/Editor/Data/Resources/UnitySubsystems
[Subsystems] Discovering subsystems at path D:/Joker/Codes/SRP/Chapter04/Assets
GfxDevice: creating device client; threaded=0
Direct3D:
    Version:  Direct3D 11.0 [level 11.1]
    Renderer: NVIDIA GeForce RTX 2060 (ID=0x1f08)
    Vendor:   
    VRAM:     5980 MB
    Driver:   27.21.14.6172
Initialize mono
Mono path[0] = 'C:/Program Files/Unity/Hub/Editor/2020.3.1f1c1/Editor/Data/Managed'
Mono path[1] = 'C:/Program Files/Unity/Hub/Editor/2020.3.1f1c1/Editor/Data/MonoBleedingEdge/lib/mono/unityjit'
Mono config path = 'C:/Program Files/Unity/Hub/Editor/2020.3.1f1c1/Editor/Data/MonoBleedingEdge/etc'
Using monoOptions --debugger-agent=transport=dt_socket,embedding=1,server=y,suspend=n,address=127.0.0.1:56896
Begin MonoManager ReloadAssembly
Registering precompiled unity dll's ...
Register platform support module: C:/Program Files/Unity/Hub/Editor/2020.3.1f1c1/Editor/Data/PlaybackEngines/WindowsStandaloneSupport/UnityEditor.WindowsStandalone.Extensions.dll
Registered in 0.001340 seconds.
Native extension for WindowsStandalone target not found
Refreshing native plugins compatible for Editor in 19.96 ms, found 0 plugins.
Preloading 0 native plugins for Editor in 0.00 ms.
Invoked RoslynAnalysisRunner static constructor.
RoslynAnalysisRunner will not be running.
RoslynAnalysisRunner has terminated.
Mono: successfully reloaded assembly
- Completed reload, in  1.404 seconds
Platform modules already initialized, skipping
Registering precompiled user dll's ...
Registered in 0.000554 seconds.
Begin MonoManager ReloadAssembly
Native extension for WindowsStandalone target not found
Refreshing native plugins compatible for Editor in 20.16 ms, found 0 plugins.
Preloading 0 native plugins for Editor in 0.00 ms.
Invoked RoslynAnalysisRunner static constructor.
RoslynAnalysisRunner will not be running.
RoslynAnalysisRunner has terminated.
Mono: successfully reloaded assembly
- Completed reload, in  0.681 seconds
Platform modules already initialized, skipping
========================================================================
Worker process is ready to serve import requests
Launched and connected shader compiler UnityShaderCompiler.exe after 0.03 seconds
Refreshing native plugins compatible for Editor in 0.21 ms, found 0 plugins.
Preloading 0 native plugins for Editor in 0.00 ms.
Unloading 1298 Unused Serialized files (Serialized files now loaded: 0)
System memory in use before: 63.5 MB.
System memory in use after: 63.6 MB.

Unloading 10 unused Assets to reduce memory usage. Loaded Objects now: 1742.
Total: 1.266900 ms (FindLiveObjects: 0.129400 ms CreateObjectMapping: 0.041100 ms MarkObjects: 1.048900 ms  DeleteObjects: 0.046800 ms)

========================================================================
Received Import Request.
  path: Assets/CustomRP/Runtime/CameraRenderer.Editor.cs
  artifactKey: Guid(e638d18945f167744bc8c15ea0436912) Importer(815301076,1909f56bfc062723c751e8b465ee728b)
Start importing Assets/CustomRP/Runtime/CameraRenderer.Editor.cs using Guid(e638d18945f167744bc8c15ea0436912) Importer(815301076,1909f56bfc062723c751e8b465ee728b)  -> (artifact id: 'b94f45bac71f4e4164adc0aad37bf61b') in 0.013107 seconds
  Import took 0.014778 seconds .

========================================================================
Received Import Request.
  Time since last request: 4.289449 seconds.
  path: Assets/CustomRP/Runtime/CustomRenderPipeline.cs
  artifactKey: Guid(202b729131fbe7a41a3a821ff5d5c4f9) Importer(815301076,1909f56bfc062723c751e8b465ee728b)
Start importing Assets/CustomRP/Runtime/CustomRenderPipeline.cs using Guid(202b729131fbe7a41a3a821ff5d5c4f9) Importer(815301076,1909f56bfc062723c751e8b465ee728b)  -> (artifact id: 'a367e505ac0194cf8d7dd39e130023b4') in 0.002961 seconds
  Import took 0.010267 seconds .

========================================================================
Received Import Request.
  Time since last request: 0.001333 seconds.
  path: Assets/CustomRP/Runtime/CustomRenderPipeline.cs
  artifactKey: Guid(202b729131fbe7a41a3a821ff5d5c4f9) Importer(815301076,1909f56bfc062723c751e8b465ee728b)
Start importing Assets/CustomRP/Runtime/CustomRenderPipeline.cs using Guid(202b729131fbe7a41a3a821ff5d5c4f9) Importer(815301076,1909f56bfc062723c751e8b465ee728b)  -> (artifact id: 'a367e505ac0194cf8d7dd39e130023b4') in 0.001208 seconds
  Import took 0.002891 seconds .

========================================================================
Received Import Request.
  Time since last request: 0.976829 seconds.
  path: Assets/CustomRP/Runtime/CustomRenderPipelineAsset.cs
  artifactKey: Guid(e6ecaaae0ea91564f8e56d78be12afa0) Importer(815301076,1909f56bfc062723c751e8b465ee728b)
Start importing Assets/CustomRP/Runtime/CustomRenderPipelineAsset.cs using Guid(e6ecaaae0ea91564f8e56d78be12afa0) Importer(815301076,1909f56bfc062723c751e8b465ee728b)  -> (artifact id: '6b2538588a73051f40ac73c4ff1b6b96') in 0.001414 seconds
  Import took 0.003139 seconds .

========================================================================
Received Import Request.
  Time since last request: 0.000638 seconds.
  path: Assets/CustomRP/Runtime/CustomRenderPipelineAsset.cs
  artifactKey: Guid(e6ecaaae0ea91564f8e56d78be12afa0) Importer(815301076,1909f56bfc062723c751e8b465ee728b)
Start importing Assets/CustomRP/Runtime/CustomRenderPipelineAsset.cs using Guid(e6ecaaae0ea91564f8e56d78be12afa0) Importer(815301076,1909f56bfc062723c751e8b465ee728b)  -> (artifact id: '6b2538588a73051f40ac73c4ff1b6b96') in 0.001135 seconds
  Import took 0.002692 seconds .

========================================================================
Received Import Request.
  Time since last request: 0.752881 seconds.
  path: Assets/CustomRP/Editor/CustomShaderGUI.cs
  artifactKey: Guid(b9b3ff998d195ab4ebea4d97c0a333aa) Importer(815301076,1909f56bfc062723c751e8b465ee728b)
Start importing Assets/CustomRP/Editor/CustomShaderGUI.cs using Guid(b9b3ff998d195ab4ebea4d97c0a333aa) Importer(815301076,1909f56bfc062723c751e8b465ee728b)  -> (artifact id: 'fba438f32bc5ca3a8290bfaca7a59bfe') in 0.001748 seconds
  Import took 0.003535 seconds .

========================================================================
Received Import Request.
  Time since last request: 0.003381 seconds.
  path: Assets/CustomRP/Editor/CustomShaderGUI.cs
  artifactKey: Guid(b9b3ff998d195ab4ebea4d97c0a333aa) Importer(815301076,1909f56bfc062723c751e8b465ee728b)
Start importing Assets/CustomRP/Editor/CustomShaderGUI.cs using Guid(b9b3ff998d195ab4ebea4d97c0a333aa) Importer(815301076,1909f56bfc062723c751e8b465ee728b)  -> (artifact id: 'fba438f32bc5ca3a8290bfaca7a59bfe') in 0.001101 seconds
  Import took 0.002622 seconds .

========================================================================
Received Import Request.
  Time since last request: 0.796504 seconds.
  path: Assets/CustomRP/Runtime/Lighting.cs
  artifactKey: Guid(e7b6c8cbaefbee14dad19d910c99a277) Importer(815301076,1909f56bfc062723c751e8b465ee728b)
Start importing Assets/CustomRP/Runtime/Lighting.cs using Guid(e7b6c8cbaefbee14dad19d910c99a277) Importer(815301076,1909f56bfc062723c751e8b465ee728b)  -> (artifact id: '160717598bf814ebe2a605a2e43eab83') in 0.001411 seconds
  Import took 0.003028 seconds .

========================================================================
Received Import Request.
  Time since last request: 0.002405 seconds.
  path: Assets/CustomRP/Runtime/Lighting.cs
  artifactKey: Guid(e7b6c8cbaefbee14dad19d910c99a277) Importer(815301076,1909f56bfc062723c751e8b465ee728b)
Start importing Assets/CustomRP/Runtime/Lighting.cs using Guid(e7b6c8cbaefbee14dad19d910c99a277) Importer(815301076,1909f56bfc062723c751e8b465ee728b)  -> (artifact id: '160717598bf814ebe2a605a2e43eab83') in 0.001226 seconds
  Import took 0.002782 seconds .

========================================================================
Received Import Request.
  Time since last request: 0.746537 seconds.
  path: Assets/CustomRP/Examples/MeshBall.cs
  artifactKey: Guid(fb87af560ab85c5499099d794d0d4d6e) Importer(815301076,1909f56bfc062723c751e8b465ee728b)
Start importing Assets/CustomRP/Examples/MeshBall.cs using Guid(fb87af560ab85c5499099d794d0d4d6e) Importer(815301076,1909f56bfc062723c751e8b465ee728b)  -> (artifact id: '7f586b2346aab530a0d472d61d16f8d6') in 0.001451 seconds
  Import took 0.003183 seconds .

========================================================================
Received Import Request.
  Time since last request: 0.003135 seconds.
  path: Assets/CustomRP/Examples/MeshBall.cs
  artifactKey: Guid(fb87af560ab85c5499099d794d0d4d6e) Importer(815301076,1909f56bfc062723c751e8b465ee728b)
Start importing Assets/CustomRP/Examples/MeshBall.cs using Guid(fb87af560ab85c5499099d794d0d4d6e) Importer(815301076,1909f56bfc062723c751e8b465ee728b)  -> (artifact id: '7f586b2346aab530a0d472d61d16f8d6') in 0.001278 seconds
  Import took 0.003169 seconds .

========================================================================
Received Import Request.
  Time since last request: 0.780877 seconds.
  path: Assets/CustomRP/Examples/PerObjectMaterialProperties.cs
  artifactKey: Guid(567d30ddbc196b241a3f50699801ed6f) Importer(815301076,1909f56bfc062723c751e8b465ee728b)
Start importing Assets/CustomRP/Examples/PerObjectMaterialProperties.cs using Guid(567d30ddbc196b241a3f50699801ed6f) Importer(815301076,1909f56bfc062723c751e8b465ee728b)  -> (artifact id: '503fbd6f33e40e53573c8cc632041ee9') in 0.001253 seconds
  Import took 0.002793 seconds .

========================================================================
Received Import Request.
  Time since last request: 0.001969 seconds.
  path: Assets/CustomRP/Examples/PerObjectMaterialProperties.cs
  artifactKey: Guid(567d30ddbc196b241a3f50699801ed6f) Importer(815301076,1909f56bfc062723c751e8b465ee728b)
Start importing Assets/CustomRP/Examples/PerObjectMaterialProperties.cs using Guid(567d30ddbc196b241a3f50699801ed6f) Importer(815301076,1909f56bfc062723c751e8b465ee728b)  -> (artifact id: '503fbd6f33e40e53573c8cc632041ee9') in 0.001095 seconds
  Import took 0.002558 seconds .

========================================================================
Received Import Request.
  Time since last request: 0.689357 seconds.
  path: Assets/CustomRP/Runtime/Shadows.cs
  artifactKey: Guid(05fa1d3aed2ff1e4cb944f3955126ab3) Importer(815301076,1909f56bfc062723c751e8b465ee728b)
Start importing Assets/CustomRP/Runtime/Shadows.cs using Guid(05fa1d3aed2ff1e4cb944f3955126ab3) Importer(815301076,1909f56bfc062723c751e8b465ee728b)  -> (artifact id: '55d8a123c06ab2bcc008aa2ad3e0296d') in 0.001312 seconds
  Import took 0.002904 seconds .

========================================================================
Received Import Request.
  Time since last request: 0.008783 seconds.
  path: Assets/CustomRP/Runtime/Shadows.cs
  artifactKey: Guid(05fa1d3aed2ff1e4cb944f3955126ab3) Importer(815301076,1909f56bfc062723c751e8b465ee728b)
Start importing Assets/CustomRP/Runtime/Shadows.cs using Guid(05fa1d3aed2ff1e4cb944f3955126ab3) Importer(815301076,1909f56bfc062723c751e8b465ee728b)  -> (artifact id: '55d8a123c06ab2bcc008aa2ad3e0296d') in 0.001180 seconds
  Import took 0.002711 seconds .

========================================================================
Received Prepare
Registering precompiled user dll's ...
Registered in 0.000534 seconds.
Begin MonoManager ReloadAssembly
Native extension for WindowsStandalone target not found
Refreshing native plugins compatible for Editor in 0.22 ms, found 0 plugins.
Preloading 0 native plugins for Editor in 0.00 ms.
Invoked RoslynAnalysisRunner static constructor.
RoslynAnalysisRunner will not be running.
RoslynAnalysisRunner has terminated.
Mono: successfully reloaded assembly
- Completed reload, in  0.629 seconds
Platform modules already initialized, skipping
Refreshing native plugins compatible for Editor in 0.21 ms, found 0 plugins.
Preloading 0 native plugins for Editor in 0.00 ms.
Unloading 1286 Unused Serialized files (Serialized files now loaded: 0)
System memory in use before: 63.0 MB.
System memory in use after: 63.1 MB.

Unloading 5 unused Assets to reduce memory usage. Loaded Objects now: 1745.
Total: 1.509900 ms (FindLiveObjects: 0.141200 ms CreateObjectMapping: 0.042300 ms MarkObjects: 1.313000 ms  DeleteObjects: 0.012100 ms)

========================================================================
Received Prepare
Registering precompiled user dll's ...
Registered in 0.000893 seconds.
Begin MonoManager ReloadAssembly
Native extension for WindowsStandalone target not found
Refreshing native plugins compatible for Editor in 0.37 ms, found 0 plugins.
Preloading 0 native plugins for Editor in 0.00 ms.
Invoked RoslynAnalysisRunner static constructor.
RoslynAnalysisRunner will not be running.
RoslynAnalysisRunner has terminated.
Mono: successfully reloaded assembly
- Completed reload, in  3.633 seconds
Platform modules already initialized, skipping
Refreshing native plugins compatible for Editor in 0.38 ms, found 0 plugins.
Preloading 0 native plugins for Editor in 0.00 ms.
Unloading 1286 Unused Serialized files (Serialized files now loaded: 0)
System memory in use before: 63.0 MB.
System memory in use after: 63.1 MB.

Unloading 5 unused Assets to reduce memory usage. Loaded Objects now: 1748.
Total: 1746.170300 ms (FindLiveObjects: 0.197600 ms CreateObjectMapping: 0.065200 ms MarkObjects: 1745.886300 ms  DeleteObjects: 0.019500 ms)

========================================================================
Received Import Request.
  Time since last request: 5738.875106 seconds.
  path: Assets/CustomRP/ShaderLibrary/BRDF.hlsl
  artifactKey: Guid(bf1a779801b9b254396942c341fe425f) Importer(815301076,1909f56bfc062723c751e8b465ee728b)
Start importing Assets/CustomRP/ShaderLibrary/BRDF.hlsl using Guid(bf1a779801b9b254396942c341fe425f) Importer(815301076,1909f56bfc062723c751e8b465ee728b)  -> (artifact id: '1ab7f52c4d83a8e4e9e072c49203a8c2') in 0.036106 seconds
  Import took 0.039008 seconds .

========================================================================
Received Import Request.
  Time since last request: 3.073000 seconds.
  path: Assets/CustomRP/ShaderLibrary/Common.hlsl
  artifactKey: Guid(66d77b18d777e4a438667d172e89303e) Importer(815301076,1909f56bfc062723c751e8b465ee728b)
Start importing Assets/CustomRP/ShaderLibrary/Common.hlsl using Guid(66d77b18d777e4a438667d172e89303e) Importer(815301076,1909f56bfc062723c751e8b465ee728b)  -> (artifact id: '94e33cf4b5a8571aaa30157d0f4fd1ba') in 0.003023 seconds
  Import took 0.006680 seconds .

========================================================================
Received Import Request.
  Time since last request: 0.940846 seconds.
  path: Assets/CustomRP/ShaderLibrary/Light.hlsl
  artifactKey: Guid(0cc96736bbd9603458753d70a50c6285) Importer(815301076,1909f56bfc062723c751e8b465ee728b)
Start importing Assets/CustomRP/ShaderLibrary/Light.hlsl using Guid(0cc96736bbd9603458753d70a50c6285) Importer(815301076,1909f56bfc062723c751e8b465ee728b)  -> (artifact id: '1037186726a2d1c8ea1421f565229597') in 0.002648 seconds
  Import took 0.005186 seconds .

========================================================================
Received Import Request.
  Time since last request: 12.274005 seconds.
  path: Assets/CustomRP/ShaderLibrary/Lighting.hlsl
  artifactKey: Guid(cf40f6bec821d2a49ba8e3c065072f94) Importer(815301076,1909f56bfc062723c751e8b465ee728b)
Start importing Assets/CustomRP/ShaderLibrary/Lighting.hlsl using Guid(cf40f6bec821d2a49ba8e3c065072f94) Importer(815301076,1909f56bfc062723c751e8b465ee728b)  -> (artifact id: 'bfd936c2481e5d3e6c2749756772c807') in 0.002478 seconds
  Import took 0.004876 seconds .

========================================================================
Received Import Request.
  Time since last request: 5.435184 seconds.
  path: Assets/CustomRP/ShaderLibrary/UnityInput.hlsl
  artifactKey: Guid(a5ae928d1258d9d4fbe601c731adec74) Importer(815301076,1909f56bfc062723c751e8b465ee728b)
Start importing Assets/CustomRP/ShaderLibrary/UnityInput.hlsl using Guid(a5ae928d1258d9d4fbe601c731adec74) Importer(815301076,1909f56bfc062723c751e8b465ee728b)  -> (artifact id: 'd18df503ba9344ee353052f723bad5fe') in 0.002178 seconds
  Import took 0.003997 seconds .

========================================================================
Received Import Request.
  Time since last request: 4.597622 seconds.
  path: Assets/CustomRP/Shaders/Lit.shader
  artifactKey: Guid(fa5b56141da4b4c4191f4893a0122217) Importer(815301076,1909f56bfc062723c751e8b465ee728b)
Start importing Assets/CustomRP/Shaders/Lit.shader using Guid(fa5b56141da4b4c4191f4893a0122217) Importer(815301076,1909f56bfc062723c751e8b465ee728b)  -> (artifact id: '1b34a88767ec307d6fc0f04be7c05591') in 0.033772 seconds
  Import took 0.113640 seconds .

========================================================================
Received Import Request.
  Time since last request: 5.991445 seconds.
  path: Assets/CustomRP/Shaders/Unlit.shader
  artifactKey: Guid(eda327c5a2c481d4ba77d41194538529) Importer(815301076,1909f56bfc062723c751e8b465ee728b)
Start importing Assets/CustomRP/Shaders/Unlit.shader using Guid(eda327c5a2c481d4ba77d41194538529) Importer(815301076,1909f56bfc062723c751e8b465ee728b)  -> (artifact id: 'c484241ec9666ff2d4e6f91259d13ef2') in 0.003793 seconds
  Import took 0.008361 seconds .

========================================================================
Received Import Request.
  Time since last request: 1.650455 seconds.
  path: Assets/CustomRP/Shaders/UnlitPass.hlsl
  artifactKey: Guid(d1bb94c6aa18b994db075b203aff8dcd) Importer(815301076,1909f56bfc062723c751e8b465ee728b)
Start importing Assets/CustomRP/Shaders/UnlitPass.hlsl using Guid(d1bb94c6aa18b994db075b203aff8dcd) Importer(815301076,1909f56bfc062723c751e8b465ee728b)  -> (artifact id: '37416714c65ccfe60ca4e64f7366e5f2') in 0.119910 seconds
  Import took 0.123158 seconds .

AssetImportWorkerClient::OnTransportError - code=2 error=End of file
