Using pre-set license
Built from '2020.3/china_unity/release' branch; Version is '2020.3.1f1c1 (3e9f4b065a9d) revision 4104011'; Using compiler version '192528614'; Build Type 'Release'
OS: 'Windows 10 Home China; OS build 19042.1110; Version 2009; 64bit' Language: 'zh' Physical Memory: 65249 MB
BatchMode: 1, IsHumanControllingUs: 0, StartBugReporterOnCrash: 0, Is64bit: 1, IsPro: 0

 COMMAND LINE ARGUMENTS:
C:\Program Files\Unity\Hub\Editor\2020.3.1f1c1\Editor\Unity.exe
-adb2
-batchMode
-noUpm
-name
AssetImportWorker0
-projectPath
D:/Joker/1 Unity Shader Feng/Unity_Shaders_Book-master
-logFile
Logs/AssetImportWorker0.log
-srvPort
63880
Successfully changed project path to: D:/Joker/1 Unity Shader Feng/Unity_Shaders_Book-master
D:/Joker/1 Unity Shader Feng/Unity_Shaders_Book-master
Using Asset Import Pipeline V2.
Refreshing native plugins compatible for Editor in 23.86 ms, found 0 plugins.
Preloading 0 native plugins for Editor in 0.00 ms.
Initialize engine version: 2020.3.1f1c1 (3e9f4b065a9d)
[Subsystems] Discovering subsystems at path C:/Program Files/Unity/Hub/Editor/2020.3.1f1c1/Editor/Data/Resources/UnitySubsystems
[Subsystems] Discovering subsystems at path D:/Joker/1 Unity Shader Feng/Unity_Shaders_Book-master/Assets
GfxDevice: creating device client; threaded=0
Direct3D:
    Version:  Direct3D 11.0 [level 11.1]
    Renderer: NVIDIA GeForce RTX 2060 (ID=0x1f08)
    Vendor:   
    VRAM:     5980 MB
    Driver:   27.21.14.6172
Initialize mono
Mono path[0] = 'C:/Program Files/Unity/Hub/Editor/2020.3.1f1c1/Editor/Data/Managed'
Mono path[1] = 'C:/Program Files/Unity/Hub/Editor/2020.3.1f1c1/Editor/Data/MonoBleedingEdge/lib/mono/unityjit'
Mono config path = 'C:/Program Files/Unity/Hub/Editor/2020.3.1f1c1/Editor/Data/MonoBleedingEdge/etc'
Using monoOptions --debugger-agent=transport=dt_socket,embedding=1,server=y,suspend=n,address=127.0.0.1:56036
Begin MonoManager ReloadAssembly
Registering precompiled unity dll's ...
Register platform support module: C:/Program Files/Unity/Hub/Editor/2020.3.1f1c1/Editor/Data/PlaybackEngines/WindowsStandaloneSupport/UnityEditor.WindowsStandalone.Extensions.dll
Registered in 0.001331 seconds.
Native extension for WindowsStandalone target not found
Refreshing native plugins compatible for Editor in 19.77 ms, found 0 plugins.
Preloading 0 native plugins for Editor in 0.00 ms.
Invoked RoslynAnalysisRunner static constructor.
RoslynAnalysisRunner will not be running.
RoslynAnalysisRunner has terminated.
Mono: successfully reloaded assembly
- Completed reload, in  1.484 seconds
Platform modules already initialized, skipping
Registering precompiled user dll's ...
Registered in 0.000319 seconds.
Begin MonoManager ReloadAssembly
Native extension for WindowsStandalone target not found
Refreshing native plugins compatible for Editor in 0.21 ms, found 0 plugins.
Preloading 0 native plugins for Editor in 0.00 ms.
Invoked RoslynAnalysisRunner static constructor.
RoslynAnalysisRunner will not be running.
RoslynAnalysisRunner has terminated.
Mono: successfully reloaded assembly
- Completed reload, in  0.667 seconds
Platform modules already initialized, skipping
========================================================================
Worker process is ready to serve import requests
Launched and connected shader compiler UnityShaderCompiler.exe after 0.03 seconds
Refreshing native plugins compatible for Editor in 0.27 ms, found 0 plugins.
Preloading 0 native plugins for Editor in 0.00 ms.
Unloading 1190 Unused Serialized files (Serialized files now loaded: 0)
System memory in use before: 71.9 MB.
System memory in use after: 71.9 MB.

Unloading 10 unused Assets to reduce memory usage. Loaded Objects now: 1637.
Total: 1.963900 ms (FindLiveObjects: 0.191500 ms CreateObjectMapping: 0.062500 ms MarkObjects: 1.619000 ms  DeleteObjects: 0.089500 ms)

========================================================================
Received Import Request.
  path: Assets/Scenes
  artifactKey: Guid(6d6c5ae156883427d93f09f4e97efbcf) Importer(815301076,1909f56bfc062723c751e8b465ee728b)
Start importing Assets/Scenes using Guid(6d6c5ae156883427d93f09f4e97efbcf) Importer(815301076,1909f56bfc062723c751e8b465ee728b)  -> (artifact id: 'ae0bccb351dc7bcdd6d009ab563eb167') in 0.002801 seconds
  Import took 0.004463 seconds .

========================================================================
Received Import Request.
  Time since last request: 0.000132 seconds.
  path: Assets/Scenes/Chapter5
  artifactKey: Guid(cdcfe5463fa314b0581f7fe3fd6fb88f) Importer(815301076,1909f56bfc062723c751e8b465ee728b)
Start importing Assets/Scenes/Chapter5 using Guid(cdcfe5463fa314b0581f7fe3fd6fb88f) Importer(815301076,1909f56bfc062723c751e8b465ee728b)  -> (artifact id: 'bd5a226ed3acc7e601f15be03d8aee06') in 0.001142 seconds
  Import took 0.002403 seconds .

========================================================================
Received Import Request.
  Time since last request: 18.569515 seconds.
  path: Assets/Scenes/Chapter8/Scene_8_3.unity
  artifactKey: Guid(8fcb1c94ee9a74691af8337f857571bf) Importer(815301076,1909f56bfc062723c751e8b465ee728b)
Start importing Assets/Scenes/Chapter8/Scene_8_3.unity using Guid(8fcb1c94ee9a74691af8337f857571bf) Importer(815301076,1909f56bfc062723c751e8b465ee728b)  -> (artifact id: '0e2b7253195435d91ec92fe2051beeb2') in 0.006358 seconds
  Import took 0.007919 seconds .

========================================================================
Received Import Request.
  Time since last request: 3.166031 seconds.
  path: Assets/Scenes/Chapter9/Scene_9_2_2_1.unity
  artifactKey: Guid(b11c8b80edb4b4257ae84e1b77b7de1a) Importer(815301076,1909f56bfc062723c751e8b465ee728b)
Start importing Assets/Scenes/Chapter9/Scene_9_2_2_1.unity using Guid(b11c8b80edb4b4257ae84e1b77b7de1a) Importer(815301076,1909f56bfc062723c751e8b465ee728b)  -> (artifact id: '340af617c00c8fe6d4a25e997c83308a') in 0.001435 seconds
  Import took 0.002950 seconds .

========================================================================
Received Import Request.
  Time since last request: 1.307393 seconds.
  path: Assets/Scenes/Chapter9/Scene_9_2_2_2.unity
  artifactKey: Guid(fa65c213a9cca42499afd057153a6c65) Importer(815301076,1909f56bfc062723c751e8b465ee728b)
Start importing Assets/Scenes/Chapter9/Scene_9_2_2_2.unity using Guid(fa65c213a9cca42499afd057153a6c65) Importer(815301076,1909f56bfc062723c751e8b465ee728b)  -> (artifact id: '673fa8f2ee36e293de2974898d60230b') in 0.001383 seconds
  Import took 0.002954 seconds .

========================================================================
Received Import Request.
  Time since last request: 0.796060 seconds.
  path: Assets/Scenes/Chapter9/Scene_9_4_2.unity
  artifactKey: Guid(4581ef0b5edf547a8af0eca486200d04) Importer(815301076,1909f56bfc062723c751e8b465ee728b)
Start importing Assets/Scenes/Chapter9/Scene_9_4_2.unity using Guid(4581ef0b5edf547a8af0eca486200d04) Importer(815301076,1909f56bfc062723c751e8b465ee728b)  -> (artifact id: 'd50132c625a9f4064b3dbafc631498a8') in 0.001418 seconds
  Import took 0.002870 seconds .

========================================================================
Received Import Request.
  Time since last request: 0.758973 seconds.
  path: Assets/Scenes/Chapter9/Scene_9_4_4.unity
  artifactKey: Guid(f42d1f37a05de4a429f12348eef2a70e) Importer(815301076,1909f56bfc062723c751e8b465ee728b)
Start importing Assets/Scenes/Chapter9/Scene_9_4_4.unity using Guid(f42d1f37a05de4a429f12348eef2a70e) Importer(815301076,1909f56bfc062723c751e8b465ee728b)  -> (artifact id: '4bb367a168ce4717bbe54c9de9481d5a') in 0.001558 seconds
  Import took 0.003044 seconds .

========================================================================
Received Import Request.
  Time since last request: 0.710553 seconds.
  path: Assets/Scenes/Chapter9/Scene_9_4_5.unity
  artifactKey: Guid(30c9bcf6916684c43bf59eed9de0a14a) Importer(815301076,1909f56bfc062723c751e8b465ee728b)
Start importing Assets/Scenes/Chapter9/Scene_9_4_5.unity using Guid(30c9bcf6916684c43bf59eed9de0a14a) Importer(815301076,1909f56bfc062723c751e8b465ee728b)  -> (artifact id: '613b39cc157c194ce90ba32dbd65dfe1') in 0.001386 seconds
  Import took 0.002857 seconds .

========================================================================
Received Import Request.
  Time since last request: 0.000353 seconds.
  path: Assets/Scenes/Chapter9/Scene_9_4_5.unity
  artifactKey: Guid(30c9bcf6916684c43bf59eed9de0a14a) Importer(815301076,1909f56bfc062723c751e8b465ee728b)
Start importing Assets/Scenes/Chapter9/Scene_9_4_5.unity using Guid(30c9bcf6916684c43bf59eed9de0a14a) Importer(815301076,1909f56bfc062723c751e8b465ee728b)  -> (artifact id: '613b39cc157c194ce90ba32dbd65dfe1') in 0.001072 seconds
  Import took 0.002285 seconds .

========================================================================
Received Import Request.
  Time since last request: 0.906164 seconds.
  path: Assets/Scenes/Chapter9/Scene_9_4_5_b.unity
  artifactKey: Guid(1882abb5e15864d75afa458edd51f3bd) Importer(815301076,1909f56bfc062723c751e8b465ee728b)
Start importing Assets/Scenes/Chapter9/Scene_9_4_5_b.unity using Guid(1882abb5e15864d75afa458edd51f3bd) Importer(815301076,1909f56bfc062723c751e8b465ee728b)  -> (artifact id: '5f74f4551fb55bd71c1fe8332edf18e2') in 0.001407 seconds
  Import took 0.003117 seconds .

========================================================================
Received Import Request.
  Time since last request: 2.141894 seconds.
  path: Assets/Scenes/Chapter10/Scene_10_1_1.unity
  artifactKey: Guid(99c8b301201f84a8091c6265827495af) Importer(815301076,1909f56bfc062723c751e8b465ee728b)
Start importing Assets/Scenes/Chapter10/Scene_10_1_1.unity using Guid(99c8b301201f84a8091c6265827495af) Importer(815301076,1909f56bfc062723c751e8b465ee728b)  -> (artifact id: '5778a4866a764745acbc0377acf03fc4') in 0.001370 seconds
  Import took 0.002864 seconds .

========================================================================
Received Import Request.
  Time since last request: 8.206200 seconds.
  path: Assets/Editor/Chapter10/RenderCubemapWizard.cs
  artifactKey: Guid(3f4ff899493e64e278892de945bdd04b) Importer(815301076,1909f56bfc062723c751e8b465ee728b)
Start importing Assets/Editor/Chapter10/RenderCubemapWizard.cs using Guid(3f4ff899493e64e278892de945bdd04b) Importer(815301076,1909f56bfc062723c751e8b465ee728b)  -> (artifact id: '8960a79b0750045498c9e705aafbc1de') in 0.011240 seconds
  Import took 0.013038 seconds .

AssetImportWorkerClient::OnTransportError - code=2 error=End of file
