Using pre-set license
Built from '2020.3/china_unity/release' branch; Version is '2020.3.1f1c1 (3e9f4b065a9d) revision 4104011'; Using compiler version '192528614'; Build Type 'Release'
OS: 'Windows 10 Home China; OS build 19042.1165; Version 2009; 64bit' Language: 'zh' Physical Memory: 65249 MB
BatchMode: 1, IsHumanControllingUs: 0, StartBugReporterOnCrash: 0, Is64bit: 1, IsPro: 0

 COMMAND LINE ARGUMENTS:
C:\Program Files\Unity\Hub\Editor\2020.3.1f1c1\Editor\Unity.exe
-adb2
-batchMode
-noUpm
-name
AssetImportWorker0
-projectPath
D:/Joker/1 Unity Shader Feng/Unity_Shaders_Book-master
-logFile
Logs/AssetImportWorker0.log
-srvPort
62639
Successfully changed project path to: D:/Joker/1 Unity Shader Feng/Unity_Shaders_Book-master
D:/Joker/1 Unity Shader Feng/Unity_Shaders_Book-master
Using Asset Import Pipeline V2.
Refreshing native plugins compatible for Editor in 19.38 ms, found 0 plugins.
Preloading 0 native plugins for Editor in 0.00 ms.
Initialize engine version: 2020.3.1f1c1 (3e9f4b065a9d)
[Subsystems] Discovering subsystems at path C:/Program Files/Unity/Hub/Editor/2020.3.1f1c1/Editor/Data/Resources/UnitySubsystems
[Subsystems] Discovering subsystems at path D:/Joker/1 Unity Shader Feng/Unity_Shaders_Book-master/Assets
GfxDevice: creating device client; threaded=0
Direct3D:
    Version:  Direct3D 11.0 [level 11.1]
    Renderer: NVIDIA GeForce RTX 2060 (ID=0x1f08)
    Vendor:   
    VRAM:     5980 MB
    Driver:   27.21.14.6172
Initialize mono
Mono path[0] = 'C:/Program Files/Unity/Hub/Editor/2020.3.1f1c1/Editor/Data/Managed'
Mono path[1] = 'C:/Program Files/Unity/Hub/Editor/2020.3.1f1c1/Editor/Data/MonoBleedingEdge/lib/mono/unityjit'
Mono config path = 'C:/Program Files/Unity/Hub/Editor/2020.3.1f1c1/Editor/Data/MonoBleedingEdge/etc'
Using monoOptions --debugger-agent=transport=dt_socket,embedding=1,server=y,suspend=n,address=127.0.0.1:56052
Begin MonoManager ReloadAssembly
Registering precompiled unity dll's ...
Register platform support module: C:/Program Files/Unity/Hub/Editor/2020.3.1f1c1/Editor/Data/PlaybackEngines/WindowsStandaloneSupport/UnityEditor.WindowsStandalone.Extensions.dll
Registered in 0.001499 seconds.
Native extension for WindowsStandalone target not found
Refreshing native plugins compatible for Editor in 19.53 ms, found 0 plugins.
Preloading 0 native plugins for Editor in 0.00 ms.
Invoked RoslynAnalysisRunner static constructor.
RoslynAnalysisRunner will not be running.
RoslynAnalysisRunner has terminated.
Mono: successfully reloaded assembly
- Completed reload, in  1.497 seconds
Platform modules already initialized, skipping
Registering precompiled user dll's ...
Registered in 0.000439 seconds.
Begin MonoManager ReloadAssembly
Native extension for WindowsStandalone target not found
Refreshing native plugins compatible for Editor in 0.21 ms, found 0 plugins.
Preloading 0 native plugins for Editor in 0.00 ms.
Invoked RoslynAnalysisRunner static constructor.
RoslynAnalysisRunner will not be running.
RoslynAnalysisRunner has terminated.
Mono: successfully reloaded assembly
- Completed reload, in  0.656 seconds
Platform modules already initialized, skipping
========================================================================
Worker process is ready to serve import requests
Launched and connected shader compiler UnityShaderCompiler.exe after 0.11 seconds
Refreshing native plugins compatible for Editor in 0.21 ms, found 0 plugins.
Preloading 0 native plugins for Editor in 0.00 ms.
Unloading 1190 Unused Serialized files (Serialized files now loaded: 0)
System memory in use before: 72.3 MB.
System memory in use after: 72.3 MB.

Unloading 10 unused Assets to reduce memory usage. Loaded Objects now: 1638.
Total: 2.314200 ms (FindLiveObjects: 0.264700 ms CreateObjectMapping: 0.082900 ms MarkObjects: 1.837000 ms  DeleteObjects: 0.128300 ms)

========================================================================
Received Import Request.
  path: Assets/Scripts/Chapter5/ColorPicker.cs
  artifactKey: Guid(47552283644874373bf4428d299c19bc) Importer(815301076,1909f56bfc062723c751e8b465ee728b)
Start importing Assets/Scripts/Chapter5/ColorPicker.cs using Guid(47552283644874373bf4428d299c19bc) Importer(815301076,1909f56bfc062723c751e8b465ee728b)  -> (artifact id: '120545587755f603facce804ae5c7d6d') in 0.014809 seconds
  Import took 0.016410 seconds .

========================================================================
Received Import Request.
  Time since last request: 28.629054 seconds.
  path: Assets/Editor/Chapter3/CustomShaderGUI.cs
  artifactKey: Guid(0a6d1e581a5fb43f2b53a9e1b3526de9) Importer(815301076,1909f56bfc062723c751e8b465ee728b)
Start importing Assets/Editor/Chapter3/CustomShaderGUI.cs using Guid(0a6d1e581a5fb43f2b53a9e1b3526de9) Importer(815301076,1909f56bfc062723c751e8b465ee728b)  -> (artifact id: '5df946e0be65c2e3b091e46bcfdb29b4') in 0.004261 seconds
  Import took 0.005771 seconds .

AssetImportWorkerClient::OnTransportError - code=2 error=End of file
