Using pre-set license
Built from '2020.3/china_unity/release' branch; Version is '2020.3.1f1c1 (3e9f4b065a9d) revision 4104011'; Using compiler version '192528614'; Build Type 'Release'
OS: 'Windows 10 Pro; OS build 19043.1237; Version 2009; 64bit' Language: 'zh' Physical Memory: 16314 MB
BatchMode: 1, IsHumanControllingUs: 0, StartBugReporterOnCrash: 0, Is64bit: 1, IsPro: 0

 COMMAND LINE ARGUMENTS:
C:\Program Files\Unity\Hub\Editor\2020.3.1f1c1\Editor\Unity.exe
-adb2
-batchMode
-noUpm
-name
AssetImportWorker0
-projectPath
D:/Joker/Codes/SRP/Chapter03
-logFile
Logs/AssetImportWorker0.log
-srvPort
65172
Successfully changed project path to: D:/Joker/Codes/SRP/Chapter03
D:/Joker/Codes/SRP/Chapter03
Using Asset Import Pipeline V2.
Refreshing native plugins compatible for Editor in 35.41 ms, found 0 plugins.
Preloading 0 native plugins for Editor in 0.00 ms.
Initialize engine version: 2020.3.1f1c1 (3e9f4b065a9d)
[Subsystems] Discovering subsystems at path C:/Program Files/Unity/Hub/Editor/2020.3.1f1c1/Editor/Data/Resources/UnitySubsystems
[Subsystems] Discovering subsystems at path D:/Joker/Codes/SRP/Chapter03/Assets
GfxDevice: creating device client; threaded=0
Direct3D:
    Version:  Direct3D 11.0 [level 11.1]
    Renderer: NVIDIA GeForce GTX 1070 Ti (ID=0x1b82)
    Vendor:   
    VRAM:     8079 MB
    Driver:   27.21.14.5751
Initialize mono
Mono path[0] = 'C:/Program Files/Unity/Hub/Editor/2020.3.1f1c1/Editor/Data/Managed'
Mono path[1] = 'C:/Program Files/Unity/Hub/Editor/2020.3.1f1c1/Editor/Data/MonoBleedingEdge/lib/mono/unityjit'
Mono config path = 'C:/Program Files/Unity/Hub/Editor/2020.3.1f1c1/Editor/Data/MonoBleedingEdge/etc'
Using monoOptions --debugger-agent=transport=dt_socket,embedding=1,server=y,suspend=n,address=127.0.0.1:56068
Begin MonoManager ReloadAssembly
Registering precompiled unity dll's ...
Register platform support module: C:/Program Files/Unity/Hub/Editor/2020.3.1f1c1/Editor/Data/PlaybackEngines/WindowsStandaloneSupport/UnityEditor.WindowsStandalone.Extensions.dll
Registered in 0.005664 seconds.
Native extension for WindowsStandalone target not found
Refreshing native plugins compatible for Editor in 32.40 ms, found 0 plugins.
Preloading 0 native plugins for Editor in 0.00 ms.
Invoked RoslynAnalysisRunner static constructor.
RoslynAnalysisRunner will not be running.
RoslynAnalysisRunner has terminated.
Mono: successfully reloaded assembly
- Completed reload, in  1.528 seconds
Platform modules already initialized, skipping
Registering precompiled user dll's ...
Registered in 0.002996 seconds.
Begin MonoManager ReloadAssembly
Native extension for WindowsStandalone target not found
Refreshing native plugins compatible for Editor in 42.46 ms, found 0 plugins.
Preloading 0 native plugins for Editor in 0.00 ms.
Invoked RoslynAnalysisRunner static constructor.
RoslynAnalysisRunner will not be running.
RoslynAnalysisRunner has terminated.
Mono: successfully reloaded assembly
- Completed reload, in  1.271 seconds
Platform modules already initialized, skipping
========================================================================
Worker process is ready to serve import requests
Launched and connected shader compiler UnityShaderCompiler.exe after 0.08 seconds
Refreshing native plugins compatible for Editor in 0.43 ms, found 0 plugins.
Preloading 0 native plugins for Editor in 0.00 ms.
Unloading 1296 Unused Serialized files (Serialized files now loaded: 0)
System memory in use before: 63.3 MB.
System memory in use after: 63.3 MB.

Unloading 10 unused Assets to reduce memory usage. Loaded Objects now: 1740.
Total: 4.297200 ms (FindLiveObjects: 0.342900 ms CreateObjectMapping: 0.088600 ms MarkObjects: 3.772400 ms  DeleteObjects: 0.091500 ms)

========================================================================
Received Import Request.
  path: Assets/CustomRP/Runtime/CameraRenderer.cs
  artifactKey: Guid(3c738f303cceaad4981c447dff5b7ec0) Importer(815301076,1909f56bfc062723c751e8b465ee728b)
Start importing Assets/CustomRP/Runtime/CameraRenderer.cs using Guid(3c738f303cceaad4981c447dff5b7ec0) Importer(815301076,1909f56bfc062723c751e8b465ee728b)  -> (artifact id: '409435f56991e0f714f303415850a6f1') in 0.038672 seconds
  Import took 0.042139 seconds .

========================================================================
Received Import Request.
  Time since last request: 44.198559 seconds.
  path: Assets/CustomRP/Examples/PerObjectMaterialProperties.cs
  artifactKey: Guid(567d30ddbc196b241a3f50699801ed6f) Importer(815301076,1909f56bfc062723c751e8b465ee728b)
Start importing Assets/CustomRP/Examples/PerObjectMaterialProperties.cs using Guid(567d30ddbc196b241a3f50699801ed6f) Importer(815301076,1909f56bfc062723c751e8b465ee728b)  -> (artifact id: 'dc0e98bfe731eb2147f1a023f58d0ab4') in 0.002895 seconds
  Import took 0.004705 seconds .

========================================================================
Received Import Request.
  Time since last request: 0.004692 seconds.
  path: Assets/CustomRP/Examples/PerObjectMaterialProperties.cs
  artifactKey: Guid(567d30ddbc196b241a3f50699801ed6f) Importer(815301076,1909f56bfc062723c751e8b465ee728b)
Start importing Assets/CustomRP/Examples/PerObjectMaterialProperties.cs using Guid(567d30ddbc196b241a3f50699801ed6f) Importer(815301076,1909f56bfc062723c751e8b465ee728b)  -> (artifact id: 'dc0e98bfe731eb2147f1a023f58d0ab4') in 0.003708 seconds
  Import took 0.006089 seconds .

========================================================================
Received Import Request.
  Time since last request: 9.833151 seconds.
  path: Assets/CustomRP/Runtime/CustomRenderPipeline.cs
  artifactKey: Guid(202b729131fbe7a41a3a821ff5d5c4f9) Importer(815301076,1909f56bfc062723c751e8b465ee728b)
Start importing Assets/CustomRP/Runtime/CustomRenderPipeline.cs using Guid(202b729131fbe7a41a3a821ff5d5c4f9) Importer(815301076,1909f56bfc062723c751e8b465ee728b)  -> (artifact id: '7f8893be19f4a33a29ae3bb1d7b4c0d0') in 0.003348 seconds
  Import took 0.005329 seconds .

========================================================================
Received Import Request.
  Time since last request: 0.000756 seconds.
  path: Assets/CustomRP/Runtime/CustomRenderPipeline.cs
  artifactKey: Guid(202b729131fbe7a41a3a821ff5d5c4f9) Importer(815301076,1909f56bfc062723c751e8b465ee728b)
Start importing Assets/CustomRP/Runtime/CustomRenderPipeline.cs using Guid(202b729131fbe7a41a3a821ff5d5c4f9) Importer(815301076,1909f56bfc062723c751e8b465ee728b)  -> (artifact id: '7f8893be19f4a33a29ae3bb1d7b4c0d0') in 0.003769 seconds
  Import took 0.005754 seconds .

========================================================================
Received Import Request.
  Time since last request: 5.670549 seconds.
  path: Assets/CustomRP/Runtime/CameraRenderer.Editor.cs
  artifactKey: Guid(e638d18945f167744bc8c15ea0436912) Importer(815301076,1909f56bfc062723c751e8b465ee728b)
Start importing Assets/CustomRP/Runtime/CameraRenderer.Editor.cs using Guid(e638d18945f167744bc8c15ea0436912) Importer(815301076,1909f56bfc062723c751e8b465ee728b)  -> (artifact id: 'b84f6a08d04127a2fb02b68a854d6838') in 0.004111 seconds
  Import took 0.006040 seconds .

========================================================================
Received Import Request.
  Time since last request: 0.001523 seconds.
  path: Assets/CustomRP/Runtime/CameraRenderer.Editor.cs
  artifactKey: Guid(e638d18945f167744bc8c15ea0436912) Importer(815301076,1909f56bfc062723c751e8b465ee728b)
Start importing Assets/CustomRP/Runtime/CameraRenderer.Editor.cs using Guid(e638d18945f167744bc8c15ea0436912) Importer(815301076,1909f56bfc062723c751e8b465ee728b)  -> (artifact id: 'b84f6a08d04127a2fb02b68a854d6838') in 0.003605 seconds
  Import took 0.005624 seconds .

========================================================================
Received Import Request.
  Time since last request: 2.392180 seconds.
  path: Assets/CustomRP/Runtime/CustomRenderPipelineAsset.cs
  artifactKey: Guid(e6ecaaae0ea91564f8e56d78be12afa0) Importer(815301076,1909f56bfc062723c751e8b465ee728b)
Start importing Assets/CustomRP/Runtime/CustomRenderPipelineAsset.cs using Guid(e6ecaaae0ea91564f8e56d78be12afa0) Importer(815301076,1909f56bfc062723c751e8b465ee728b)  -> (artifact id: 'a394823dc1f24415f6d4149d0d9444b4') in 0.006690 seconds
  Import took 0.009926 seconds .

========================================================================
Received Import Request.
  Time since last request: 0.000867 seconds.
  path: Assets/CustomRP/Runtime/CustomRenderPipelineAsset.cs
  artifactKey: Guid(e6ecaaae0ea91564f8e56d78be12afa0) Importer(815301076,1909f56bfc062723c751e8b465ee728b)
Start importing Assets/CustomRP/Runtime/CustomRenderPipelineAsset.cs using Guid(e6ecaaae0ea91564f8e56d78be12afa0) Importer(815301076,1909f56bfc062723c751e8b465ee728b)  -> (artifact id: 'a394823dc1f24415f6d4149d0d9444b4') in 0.004433 seconds
  Import took 0.006459 seconds .

========================================================================
Received Import Request.
  Time since last request: 2.522950 seconds.
  path: Assets/CustomRP/Editor/CustomShaderGUI.cs
  artifactKey: Guid(b9b3ff998d195ab4ebea4d97c0a333aa) Importer(815301076,1909f56bfc062723c751e8b465ee728b)
Start importing Assets/CustomRP/Editor/CustomShaderGUI.cs using Guid(b9b3ff998d195ab4ebea4d97c0a333aa) Importer(815301076,1909f56bfc062723c751e8b465ee728b)  -> (artifact id: 'f126142984d5e3a519a8bd0976582d2e') in 0.003208 seconds
  Import took 0.005318 seconds .

========================================================================
Received Import Request.
  Time since last request: 0.001230 seconds.
  path: Assets/CustomRP/Editor/CustomShaderGUI.cs
  artifactKey: Guid(b9b3ff998d195ab4ebea4d97c0a333aa) Importer(815301076,1909f56bfc062723c751e8b465ee728b)
Start importing Assets/CustomRP/Editor/CustomShaderGUI.cs using Guid(b9b3ff998d195ab4ebea4d97c0a333aa) Importer(815301076,1909f56bfc062723c751e8b465ee728b)  -> (artifact id: 'f126142984d5e3a519a8bd0976582d2e') in 0.003132 seconds
  Import took 0.005029 seconds .

========================================================================
Received Import Request.
  Time since last request: 2.387674 seconds.
  path: Assets/CustomRP/Runtime/Lighting.cs
  artifactKey: Guid(e7b6c8cbaefbee14dad19d910c99a277) Importer(815301076,1909f56bfc062723c751e8b465ee728b)
Start importing Assets/CustomRP/Runtime/Lighting.cs using Guid(e7b6c8cbaefbee14dad19d910c99a277) Importer(815301076,1909f56bfc062723c751e8b465ee728b)  -> (artifact id: 'ca772f69551e4e06e67613a0b06a0caa') in 0.003499 seconds
  Import took 0.005605 seconds .

========================================================================
Received Import Request.
  Time since last request: 0.007239 seconds.
  path: Assets/CustomRP/Runtime/Lighting.cs
  artifactKey: Guid(e7b6c8cbaefbee14dad19d910c99a277) Importer(815301076,1909f56bfc062723c751e8b465ee728b)
Start importing Assets/CustomRP/Runtime/Lighting.cs using Guid(e7b6c8cbaefbee14dad19d910c99a277) Importer(815301076,1909f56bfc062723c751e8b465ee728b)  -> (artifact id: 'ca772f69551e4e06e67613a0b06a0caa') in 0.002953 seconds
  Import took 0.004850 seconds .

========================================================================
Received Import Request.
  Time since last request: 2.421100 seconds.
  path: Assets/CustomRP/Examples/MeshBall.cs
  artifactKey: Guid(fb87af560ab85c5499099d794d0d4d6e) Importer(815301076,1909f56bfc062723c751e8b465ee728b)
Start importing Assets/CustomRP/Examples/MeshBall.cs using Guid(fb87af560ab85c5499099d794d0d4d6e) Importer(815301076,1909f56bfc062723c751e8b465ee728b)  -> (artifact id: 'fd6792643f3b18af65af34ebdac73e34') in 0.003854 seconds
  Import took 0.005945 seconds .

========================================================================
Received Import Request.
  Time since last request: 0.006084 seconds.
  path: Assets/CustomRP/Examples/MeshBall.cs
  artifactKey: Guid(fb87af560ab85c5499099d794d0d4d6e) Importer(815301076,1909f56bfc062723c751e8b465ee728b)
Start importing Assets/CustomRP/Examples/MeshBall.cs using Guid(fb87af560ab85c5499099d794d0d4d6e) Importer(815301076,1909f56bfc062723c751e8b465ee728b)  -> (artifact id: 'fd6792643f3b18af65af34ebdac73e34') in 0.003252 seconds
  Import took 0.005145 seconds .

========================================================================
Received Prepare
Registering precompiled user dll's ...
Registered in 0.001122 seconds.
Begin MonoManager ReloadAssembly
Native extension for WindowsStandalone target not found
Refreshing native plugins compatible for Editor in 0.22 ms, found 0 plugins.
Preloading 0 native plugins for Editor in 0.00 ms.
Invoked RoslynAnalysisRunner static constructor.
RoslynAnalysisRunner will not be running.
RoslynAnalysisRunner has terminated.
Mono: successfully reloaded assembly
- Completed reload, in  0.903 seconds
Platform modules already initialized, skipping
Refreshing native plugins compatible for Editor in 0.39 ms, found 0 plugins.
Preloading 0 native plugins for Editor in 0.00 ms.
Unloading 1284 Unused Serialized files (Serialized files now loaded: 0)
System memory in use before: 62.7 MB.
System memory in use after: 62.8 MB.

Unloading 5 unused Assets to reduce memory usage. Loaded Objects now: 1743.
Total: 1.474300 ms (FindLiveObjects: 0.146600 ms CreateObjectMapping: 0.040800 ms MarkObjects: 1.272600 ms  DeleteObjects: 0.013500 ms)

