Using pre-set license
Built from '2020.3/china_unity/release' branch; Version is '2020.3.1f1c1 (3e9f4b065a9d) revision 4104011'; Using compiler version '192528614'; Build Type 'Release'
OS: 'Windows 10 Home China; OS build 19042.1110; Version 2009; 64bit' Language: 'zh' Physical Memory: 65249 MB
BatchMode: 1, IsHumanControllingUs: 0, StartBugReporterOnCrash: 0, Is64bit: 1, IsPro: 0

 COMMAND LINE ARGUMENTS:
C:\Program Files\Unity\Hub\Editor\2020.3.1f1c1\Editor\Unity.exe
-adb2
-batchMode
-noUpm
-name
AssetImportWorker0
-projectPath
D:/Joker/Codes/SRP/Chapter03
-logFile
Logs/AssetImportWorker0.log
-srvPort
57344
Successfully changed project path to: D:/Joker/Codes/SRP/Chapter03
D:/Joker/Codes/SRP/Chapter03
Using Asset Import Pipeline V2.
Refreshing native plugins compatible for Editor in 20.30 ms, found 0 plugins.
Preloading 0 native plugins for Editor in 0.00 ms.
Initialize engine version: 2020.3.1f1c1 (3e9f4b065a9d)
[Subsystems] Discovering subsystems at path C:/Program Files/Unity/Hub/Editor/2020.3.1f1c1/Editor/Data/Resources/UnitySubsystems
[Subsystems] Discovering subsystems at path D:/Joker/Codes/SRP/Chapter03/Assets
GfxDevice: creating device client; threaded=0
Direct3D:
    Version:  Direct3D 11.0 [level 11.1]
    Renderer: NVIDIA GeForce RTX 2060 (ID=0x1f08)
    Vendor:   
    VRAM:     5980 MB
    Driver:   27.21.14.6172
Initialize mono
Mono path[0] = 'C:/Program Files/Unity/Hub/Editor/2020.3.1f1c1/Editor/Data/Managed'
Mono path[1] = 'C:/Program Files/Unity/Hub/Editor/2020.3.1f1c1/Editor/Data/MonoBleedingEdge/lib/mono/unityjit'
Mono config path = 'C:/Program Files/Unity/Hub/Editor/2020.3.1f1c1/Editor/Data/MonoBleedingEdge/etc'
Using monoOptions --debugger-agent=transport=dt_socket,embedding=1,server=y,suspend=n,address=127.0.0.1:56976
Begin MonoManager ReloadAssembly
Registering precompiled unity dll's ...
Register platform support module: C:/Program Files/Unity/Hub/Editor/2020.3.1f1c1/Editor/Data/PlaybackEngines/WindowsStandaloneSupport/UnityEditor.WindowsStandalone.Extensions.dll
Registered in 0.001199 seconds.
Native extension for WindowsStandalone target not found
Refreshing native plugins compatible for Editor in 26.68 ms, found 0 plugins.
Preloading 0 native plugins for Editor in 0.00 ms.
Invoked RoslynAnalysisRunner static constructor.
RoslynAnalysisRunner will not be running.
RoslynAnalysisRunner has terminated.
Mono: successfully reloaded assembly
- Completed reload, in  1.462 seconds
Platform modules already initialized, skipping
Registering precompiled user dll's ...
Registered in 0.002059 seconds.
Begin MonoManager ReloadAssembly
Native extension for WindowsStandalone target not found
Refreshing native plugins compatible for Editor in 27.48 ms, found 0 plugins.
Preloading 0 native plugins for Editor in 0.00 ms.
Invoked RoslynAnalysisRunner static constructor.
RoslynAnalysisRunner will not be running.
RoslynAnalysisRunner has terminated.
Mono: successfully reloaded assembly
- Completed reload, in  0.893 seconds
Platform modules already initialized, skipping
========================================================================
Worker process is ready to serve import requests
Launched and connected shader compiler UnityShaderCompiler.exe after 0.03 seconds
Refreshing native plugins compatible for Editor in 0.21 ms, found 0 plugins.
Preloading 0 native plugins for Editor in 0.00 ms.
Unloading 1296 Unused Serialized files (Serialized files now loaded: 0)
System memory in use before: 63.2 MB.
System memory in use after: 63.3 MB.

Unloading 10 unused Assets to reduce memory usage. Loaded Objects now: 1740.
Total: 1.410800 ms (FindLiveObjects: 0.143100 ms CreateObjectMapping: 0.043900 ms MarkObjects: 1.171700 ms  DeleteObjects: 0.050800 ms)

========================================================================
Received Import Request.
  path: Assets/CustomRP/Runtime/CustomRenderPipelineAsset.cs
  artifactKey: Guid(e6ecaaae0ea91564f8e56d78be12afa0) Importer(815301076,1909f56bfc062723c751e8b465ee728b)
Start importing Assets/CustomRP/Runtime/CustomRenderPipelineAsset.cs using Guid(e6ecaaae0ea91564f8e56d78be12afa0) Importer(815301076,1909f56bfc062723c751e8b465ee728b)  -> (artifact id: '7a1662f52c7d5d5662d0b9c25195882f') in 0.013380 seconds
  Import took 0.015072 seconds .

========================================================================
Received Import Request.
  Time since last request: 0.000142 seconds.
  path: Assets/CustomRP/Runtime/CustomRenderPipeline.cs
  artifactKey: Guid(202b729131fbe7a41a3a821ff5d5c4f9) Importer(815301076,1909f56bfc062723c751e8b465ee728b)
Start importing Assets/CustomRP/Runtime/CustomRenderPipeline.cs using Guid(202b729131fbe7a41a3a821ff5d5c4f9) Importer(815301076,1909f56bfc062723c751e8b465ee728b)  -> (artifact id: '6a4ad407ee613da24588cb7450b13d57') in 0.001181 seconds
  Import took 0.002635 seconds .

========================================================================
Received Import Request.
  Time since last request: 0.000171 seconds.
  path: Assets/CustomRP/Runtime/CameraRenderer.Editor.cs
  artifactKey: Guid(e638d18945f167744bc8c15ea0436912) Importer(815301076,1909f56bfc062723c751e8b465ee728b)
Start importing Assets/CustomRP/Runtime/CameraRenderer.Editor.cs using Guid(e638d18945f167744bc8c15ea0436912) Importer(815301076,1909f56bfc062723c751e8b465ee728b)  -> (artifact id: 'b94f45bac71f4e4164adc0aad37bf61b') in 0.001176 seconds
  Import took 0.002519 seconds .

========================================================================
Received Import Request.
  Time since last request: 0.000131 seconds.
  path: Assets/CustomRP/Runtime/CameraRenderer.cs
  artifactKey: Guid(3c738f303cceaad4981c447dff5b7ec0) Importer(815301076,1909f56bfc062723c751e8b465ee728b)
Start importing Assets/CustomRP/Runtime/CameraRenderer.cs using Guid(3c738f303cceaad4981c447dff5b7ec0) Importer(815301076,1909f56bfc062723c751e8b465ee728b)  -> (artifact id: '221f2a9df6822ce06f490febf5f60b79') in 0.001264 seconds
  Import took 0.002739 seconds .

========================================================================
Received Import Request.
  Time since last request: 0.938751 seconds.
  path: Assets/CustomRP/Editor/CustomShaderGUI.cs
  artifactKey: Guid(b9b3ff998d195ab4ebea4d97c0a333aa) Importer(815301076,1909f56bfc062723c751e8b465ee728b)
Start importing Assets/CustomRP/Editor/CustomShaderGUI.cs using Guid(b9b3ff998d195ab4ebea4d97c0a333aa) Importer(815301076,1909f56bfc062723c751e8b465ee728b)  -> (artifact id: 'cfe6377b2ae6c9f648a015430d6c8ba1') in 0.001682 seconds
  Import took 0.003310 seconds .

========================================================================
Received Import Request.
  Time since last request: 0.006072 seconds.
  path: Assets/CustomRP/Editor/CustomShaderGUI.cs
  artifactKey: Guid(b9b3ff998d195ab4ebea4d97c0a333aa) Importer(815301076,1909f56bfc062723c751e8b465ee728b)
Start importing Assets/CustomRP/Editor/CustomShaderGUI.cs using Guid(b9b3ff998d195ab4ebea4d97c0a333aa) Importer(815301076,1909f56bfc062723c751e8b465ee728b)  -> (artifact id: 'cfe6377b2ae6c9f648a015430d6c8ba1') in 0.001363 seconds
  Import took 0.003422 seconds .

========================================================================
Received Import Request.
  Time since last request: 0.951783 seconds.
  path: Assets/CustomRP/Runtime/Lighting.cs
  artifactKey: Guid(e7b6c8cbaefbee14dad19d910c99a277) Importer(815301076,1909f56bfc062723c751e8b465ee728b)
Start importing Assets/CustomRP/Runtime/Lighting.cs using Guid(e7b6c8cbaefbee14dad19d910c99a277) Importer(815301076,1909f56bfc062723c751e8b465ee728b)  -> (artifact id: 'a20e00d62329d7e6b25bc63c52990ace') in 0.001211 seconds
  Import took 0.002768 seconds .

========================================================================
Received Import Request.
  Time since last request: 0.010566 seconds.
  path: Assets/CustomRP/Runtime/Lighting.cs
  artifactKey: Guid(e7b6c8cbaefbee14dad19d910c99a277) Importer(815301076,1909f56bfc062723c751e8b465ee728b)
Start importing Assets/CustomRP/Runtime/Lighting.cs using Guid(e7b6c8cbaefbee14dad19d910c99a277) Importer(815301076,1909f56bfc062723c751e8b465ee728b)  -> (artifact id: 'a20e00d62329d7e6b25bc63c52990ace') in 0.001196 seconds
  Import took 0.002777 seconds .

========================================================================
Received Import Request.
  Time since last request: 1.084027 seconds.
  path: Assets/CustomRP/Examples/MeshBall.cs
  artifactKey: Guid(fb87af560ab85c5499099d794d0d4d6e) Importer(815301076,1909f56bfc062723c751e8b465ee728b)
Start importing Assets/CustomRP/Examples/MeshBall.cs using Guid(fb87af560ab85c5499099d794d0d4d6e) Importer(815301076,1909f56bfc062723c751e8b465ee728b)  -> (artifact id: '31cf47c423ae0052f096ea1a18a61c66') in 0.001285 seconds
  Import took 0.002885 seconds .

========================================================================
Received Import Request.
  Time since last request: 0.002669 seconds.
  path: Assets/CustomRP/Examples/MeshBall.cs
  artifactKey: Guid(fb87af560ab85c5499099d794d0d4d6e) Importer(815301076,1909f56bfc062723c751e8b465ee728b)
Start importing Assets/CustomRP/Examples/MeshBall.cs using Guid(fb87af560ab85c5499099d794d0d4d6e) Importer(815301076,1909f56bfc062723c751e8b465ee728b)  -> (artifact id: '31cf47c423ae0052f096ea1a18a61c66') in 0.001036 seconds
  Import took 0.002425 seconds .

========================================================================
Received Import Request.
  Time since last request: 1.140842 seconds.
  path: Assets/CustomRP/Examples/PerObjectMaterialProperties.cs
  artifactKey: Guid(567d30ddbc196b241a3f50699801ed6f) Importer(815301076,1909f56bfc062723c751e8b465ee728b)
Start importing Assets/CustomRP/Examples/PerObjectMaterialProperties.cs using Guid(567d30ddbc196b241a3f50699801ed6f) Importer(815301076,1909f56bfc062723c751e8b465ee728b)  -> (artifact id: '503fbd6f33e40e53573c8cc632041ee9') in 0.001293 seconds
  Import took 0.002876 seconds .

========================================================================
Received Import Request.
  Time since last request: 0.000476 seconds.
  path: Assets/CustomRP/Examples/PerObjectMaterialProperties.cs
  artifactKey: Guid(567d30ddbc196b241a3f50699801ed6f) Importer(815301076,1909f56bfc062723c751e8b465ee728b)
Start importing Assets/CustomRP/Examples/PerObjectMaterialProperties.cs using Guid(567d30ddbc196b241a3f50699801ed6f) Importer(815301076,1909f56bfc062723c751e8b465ee728b)  -> (artifact id: '503fbd6f33e40e53573c8cc632041ee9') in 0.001048 seconds
  Import took 0.002528 seconds .

========================================================================
Received Import Request.
  Time since last request: 1448.406919 seconds.
  path: Assets/CustomRP/ShaderLibrary/BRDF.hlsl
  artifactKey: Guid(bf1a779801b9b254396942c341fe425f) Importer(815301076,1909f56bfc062723c751e8b465ee728b)
Start importing Assets/CustomRP/ShaderLibrary/BRDF.hlsl using Guid(bf1a779801b9b254396942c341fe425f) Importer(815301076,1909f56bfc062723c751e8b465ee728b)  -> (artifact id: '757e20d646130d421d698f95864e81d8') in 0.013858 seconds
  Import took 0.015772 seconds .

========================================================================
Received Import Request.
  Time since last request: 0.000433 seconds.
  path: Assets/CustomRP/ShaderLibrary/BRDF.hlsl
  artifactKey: Guid(bf1a779801b9b254396942c341fe425f) Importer(815301076,1909f56bfc062723c751e8b465ee728b)
Start importing Assets/CustomRP/ShaderLibrary/BRDF.hlsl using Guid(bf1a779801b9b254396942c341fe425f) Importer(815301076,1909f56bfc062723c751e8b465ee728b)  -> (artifact id: '757e20d646130d421d698f95864e81d8') in 0.001272 seconds
  Import took 0.002673 seconds .

========================================================================
Received Import Request.
  Time since last request: 1.115391 seconds.
  path: Assets/CustomRP/ShaderLibrary/Common.hlsl
  artifactKey: Guid(66d77b18d777e4a438667d172e89303e) Importer(815301076,1909f56bfc062723c751e8b465ee728b)
Start importing Assets/CustomRP/ShaderLibrary/Common.hlsl using Guid(66d77b18d777e4a438667d172e89303e) Importer(815301076,1909f56bfc062723c751e8b465ee728b)  -> (artifact id: '056b81838ba919615ea09d2ed2d2a805') in 0.001724 seconds
  Import took 0.003442 seconds .

========================================================================
Received Import Request.
  Time since last request: 1.155939 seconds.
  path: Assets/CustomRP/ShaderLibrary/Light.hlsl
  artifactKey: Guid(0cc96736bbd9603458753d70a50c6285) Importer(815301076,1909f56bfc062723c751e8b465ee728b)
Start importing Assets/CustomRP/ShaderLibrary/Light.hlsl using Guid(0cc96736bbd9603458753d70a50c6285) Importer(815301076,1909f56bfc062723c751e8b465ee728b)  -> (artifact id: '3fd2093788d795b1500f36325a3db15c') in 0.003823 seconds
  Import took 0.005518 seconds .

========================================================================
Received Import Request.
  Time since last request: 0.923982 seconds.
  path: Assets/CustomRP/ShaderLibrary/Lighting.hlsl
  artifactKey: Guid(cf40f6bec821d2a49ba8e3c065072f94) Importer(815301076,1909f56bfc062723c751e8b465ee728b)
Start importing Assets/CustomRP/ShaderLibrary/Lighting.hlsl using Guid(cf40f6bec821d2a49ba8e3c065072f94) Importer(815301076,1909f56bfc062723c751e8b465ee728b)  -> (artifact id: 'ef7ddd69737ea0e0effe646a410659d1') in 0.001493 seconds
  Import took 0.003094 seconds .

========================================================================
Received Import Request.
  Time since last request: 0.774052 seconds.
  path: Assets/CustomRP/ShaderLibrary/Surface.hlsl
  artifactKey: Guid(6ff493d7d1dfff44fb82359cde292a59) Importer(815301076,1909f56bfc062723c751e8b465ee728b)
Start importing Assets/CustomRP/ShaderLibrary/Surface.hlsl using Guid(6ff493d7d1dfff44fb82359cde292a59) Importer(815301076,1909f56bfc062723c751e8b465ee728b)  -> (artifact id: '912f7c96156596e2513910f2b3438bd3') in 0.001524 seconds
  Import took 0.003112 seconds .

========================================================================
Received Import Request.
  Time since last request: 0.842296 seconds.
  path: Assets/CustomRP/ShaderLibrary/UnityInput.hlsl
  artifactKey: Guid(a5ae928d1258d9d4fbe601c731adec74) Importer(815301076,1909f56bfc062723c751e8b465ee728b)
Start importing Assets/CustomRP/ShaderLibrary/UnityInput.hlsl using Guid(a5ae928d1258d9d4fbe601c731adec74) Importer(815301076,1909f56bfc062723c751e8b465ee728b)  -> (artifact id: 'd18df503ba9344ee353052f723bad5fe') in 0.003744 seconds
  Import took 0.005454 seconds .

========================================================================
Received Import Request.
  Time since last request: 2.533713 seconds.
  path: Assets/CustomRP/Shaders/Lit.shader
  artifactKey: Guid(fa5b56141da4b4c4191f4893a0122217) Importer(815301076,1909f56bfc062723c751e8b465ee728b)
Start importing Assets/CustomRP/Shaders/Lit.shader using Guid(fa5b56141da4b4c4191f4893a0122217) Importer(815301076,1909f56bfc062723c751e8b465ee728b)  -> (artifact id: 'bb106ef4b6b40618b2b48772f1543c90') in 0.002813 seconds
  Import took 0.004403 seconds .

========================================================================
Received Import Request.
  Time since last request: 0.007121 seconds.
  path: Assets/CustomRP/Shaders/Lit.shader
  artifactKey: Guid(fa5b56141da4b4c4191f4893a0122217) Importer(815301076,1909f56bfc062723c751e8b465ee728b)
Start importing Assets/CustomRP/Shaders/Lit.shader using Guid(fa5b56141da4b4c4191f4893a0122217) Importer(815301076,1909f56bfc062723c751e8b465ee728b)  -> (artifact id: 'bb106ef4b6b40618b2b48772f1543c90') in 0.001211 seconds
  Import took 0.002667 seconds .

========================================================================
Received Import Request.
  Time since last request: 0.882862 seconds.
  path: Assets/CustomRP/Shaders/LitPass.hlsl
  artifactKey: Guid(5095484dac32ed64dafa5b7bf1ccf577) Importer(815301076,1909f56bfc062723c751e8b465ee728b)
Start importing Assets/CustomRP/Shaders/LitPass.hlsl using Guid(5095484dac32ed64dafa5b7bf1ccf577) Importer(815301076,1909f56bfc062723c751e8b465ee728b)  -> (artifact id: 'e600384188083edaa2e20fdf44d283c6') in 0.001775 seconds
  Import took 0.003884 seconds .

========================================================================
Received Import Request.
  Time since last request: 0.922925 seconds.
  path: Assets/CustomRP/Shaders/Unlit.shader
  artifactKey: Guid(eda327c5a2c481d4ba77d41194538529) Importer(815301076,1909f56bfc062723c751e8b465ee728b)
Start importing Assets/CustomRP/Shaders/Unlit.shader using Guid(eda327c5a2c481d4ba77d41194538529) Importer(815301076,1909f56bfc062723c751e8b465ee728b)  -> (artifact id: '586dc06f5dfcc2b8be9bf1fa45c137ce') in 0.003587 seconds
  Import took 0.005188 seconds .

========================================================================
Received Import Request.
  Time since last request: 0.000773 seconds.
  path: Assets/CustomRP/Shaders/Unlit.shader
  artifactKey: Guid(eda327c5a2c481d4ba77d41194538529) Importer(815301076,1909f56bfc062723c751e8b465ee728b)
Start importing Assets/CustomRP/Shaders/Unlit.shader using Guid(eda327c5a2c481d4ba77d41194538529) Importer(815301076,1909f56bfc062723c751e8b465ee728b)  -> (artifact id: '586dc06f5dfcc2b8be9bf1fa45c137ce') in 0.001274 seconds
  Import took 0.002658 seconds .

========================================================================
Received Import Request.
  Time since last request: 0.724588 seconds.
  path: Assets/CustomRP/Shaders/UnlitPass.hlsl
  artifactKey: Guid(d1bb94c6aa18b994db075b203aff8dcd) Importer(815301076,1909f56bfc062723c751e8b465ee728b)
Start importing Assets/CustomRP/Shaders/UnlitPass.hlsl using Guid(d1bb94c6aa18b994db075b203aff8dcd) Importer(815301076,1909f56bfc062723c751e8b465ee728b)  -> (artifact id: '37416714c65ccfe60ca4e64f7366e5f2') in 0.001610 seconds
  Import took 0.003263 seconds .

AssetImportWorkerClient::OnTransportError - code=2 error=End of file
