Using pre-set license
Built from '2020.3/china_unity/release' branch; Version is '2020.3.1f1c1 (3e9f4b065a9d) revision 4104011'; Using compiler version '192528614'; Build Type 'Release'
OS: 'Windows 10 Home China; OS build 19042.1110; Version 2009; 64bit' Language: 'zh' Physical Memory: 65249 MB
BatchMode: 1, IsHumanControllingUs: 0, StartBugReporterOnCrash: 0, Is64bit: 1, IsPro: 0

 COMMAND LINE ARGUMENTS:
C:\Program Files\Unity\Hub\Editor\2020.3.1f1c1\Editor\Unity.exe
-adb2
-batchMode
-noUpm
-name
AssetImportWorker0
-projectPath
D:/Joker/Codes/SRP/Chapter02
-logFile
Logs/AssetImportWorker0.log
-srvPort
55198
Successfully changed project path to: D:/Joker/Codes/SRP/Chapter02
D:/Joker/Codes/SRP/Chapter02
Using Asset Import Pipeline V2.
Refreshing native plugins compatible for Editor in 21.58 ms, found 0 plugins.
Preloading 0 native plugins for Editor in 0.00 ms.
Initialize engine version: 2020.3.1f1c1 (3e9f4b065a9d)
[Subsystems] Discovering subsystems at path C:/Program Files/Unity/Hub/Editor/2020.3.1f1c1/Editor/Data/Resources/UnitySubsystems
[Subsystems] Discovering subsystems at path D:/Joker/Codes/SRP/Chapter02/Assets
GfxDevice: creating device client; threaded=0
Direct3D:
    Version:  Direct3D 11.0 [level 11.1]
    Renderer: NVIDIA GeForce RTX 2060 (ID=0x1f08)
    Vendor:   
    VRAM:     5980 MB
    Driver:   27.21.14.6172
Initialize mono
Mono path[0] = 'C:/Program Files/Unity/Hub/Editor/2020.3.1f1c1/Editor/Data/Managed'
Mono path[1] = 'C:/Program Files/Unity/Hub/Editor/2020.3.1f1c1/Editor/Data/MonoBleedingEdge/lib/mono/unityjit'
Mono config path = 'C:/Program Files/Unity/Hub/Editor/2020.3.1f1c1/Editor/Data/MonoBleedingEdge/etc'
Using monoOptions --debugger-agent=transport=dt_socket,embedding=1,server=y,suspend=n,address=127.0.0.1:56120
Begin MonoManager ReloadAssembly
Registering precompiled unity dll's ...
Register platform support module: C:/Program Files/Unity/Hub/Editor/2020.3.1f1c1/Editor/Data/PlaybackEngines/WindowsStandaloneSupport/UnityEditor.WindowsStandalone.Extensions.dll
Registered in 0.001502 seconds.
Native extension for WindowsStandalone target not found
Refreshing native plugins compatible for Editor in 21.34 ms, found 0 plugins.
Preloading 0 native plugins for Editor in 0.00 ms.
Invoked RoslynAnalysisRunner static constructor.
RoslynAnalysisRunner will not be running.
RoslynAnalysisRunner has terminated.
Mono: successfully reloaded assembly
- Completed reload, in  1.493 seconds
Platform modules already initialized, skipping
Registering precompiled user dll's ...
Registered in 0.000570 seconds.
Begin MonoManager ReloadAssembly
Native extension for WindowsStandalone target not found
Refreshing native plugins compatible for Editor in 20.86 ms, found 0 plugins.
Preloading 0 native plugins for Editor in 0.00 ms.
Invoked RoslynAnalysisRunner static constructor.
RoslynAnalysisRunner will not be running.
RoslynAnalysisRunner has terminated.
Mono: successfully reloaded assembly
- Completed reload, in  0.923 seconds
Platform modules already initialized, skipping
========================================================================
Worker process is ready to serve import requests
Launched and connected shader compiler UnityShaderCompiler.exe after 0.04 seconds
Refreshing native plugins compatible for Editor in 0.21 ms, found 0 plugins.
Preloading 0 native plugins for Editor in 0.00 ms.
Unloading 1293 Unused Serialized files (Serialized files now loaded: 0)
System memory in use before: 63.0 MB.
System memory in use after: 63.1 MB.

Unloading 10 unused Assets to reduce memory usage. Loaded Objects now: 1737.
Total: 1.761700 ms (FindLiveObjects: 0.318500 ms CreateObjectMapping: 0.125100 ms MarkObjects: 1.264700 ms  DeleteObjects: 0.052400 ms)

========================================================================
Received Import Request.
  path: Assets/CustomRP/ShaderLibrary/UnityInput.hlsl
  artifactKey: Guid(a5ae928d1258d9d4fbe601c731adec74) Importer(815301076,1909f56bfc062723c751e8b465ee728b)
Start importing Assets/CustomRP/ShaderLibrary/UnityInput.hlsl using Guid(a5ae928d1258d9d4fbe601c731adec74) Importer(815301076,1909f56bfc062723c751e8b465ee728b)  -> (artifact id: '22ed149ab6dd70fbfca8aea9a26b0fa6') in 0.020404 seconds
  Import took 0.022290 seconds .

========================================================================
Received Import Request.
  Time since last request: 0.183929 seconds.
  path: Assets/CustomRP/ShaderLibrary/Common.hlsl
  artifactKey: Guid(66d77b18d777e4a438667d172e89303e) Importer(815301076,1909f56bfc062723c751e8b465ee728b)
Start importing Assets/CustomRP/ShaderLibrary/Common.hlsl using Guid(66d77b18d777e4a438667d172e89303e) Importer(815301076,1909f56bfc062723c751e8b465ee728b)  -> (artifact id: 'f7dfb6232d810751ca67b6fddeed980e') in 0.001990 seconds
  Import took 0.003758 seconds .

========================================================================
Received Import Request.
  Time since last request: 27.444800 seconds.
  path: Assets/CustomRP/Shaders/UnlitPass.hlsl
  artifactKey: Guid(d1bb94c6aa18b994db075b203aff8dcd) Importer(815301076,1909f56bfc062723c751e8b465ee728b)
Start importing Assets/CustomRP/Shaders/UnlitPass.hlsl using Guid(d1bb94c6aa18b994db075b203aff8dcd) Importer(815301076,1909f56bfc062723c751e8b465ee728b)  -> (artifact id: 'af9f61286f96b2397c84a2de4a24a4db') in 0.001686 seconds
  Import took 0.003277 seconds .

========================================================================
Received Import Request.
  Time since last request: 1.121185 seconds.
  path: Assets/CustomRP/Shaders/Unlit.shader
  artifactKey: Guid(eda327c5a2c481d4ba77d41194538529) Importer(815301076,1909f56bfc062723c751e8b465ee728b)
Start importing Assets/CustomRP/Shaders/Unlit.shader using Guid(eda327c5a2c481d4ba77d41194538529) Importer(815301076,1909f56bfc062723c751e8b465ee728b)  -> (artifact id: 'abdc6bc0e65be19e012308dc1c43671e') in 0.005135 seconds
  Import took 0.006764 seconds .

========================================================================
Received Import Request.
  Time since last request: 0.007119 seconds.
  path: Assets/CustomRP/Shaders/Unlit.shader
  artifactKey: Guid(eda327c5a2c481d4ba77d41194538529) Importer(815301076,1909f56bfc062723c751e8b465ee728b)
Start importing Assets/CustomRP/Shaders/Unlit.shader using Guid(eda327c5a2c481d4ba77d41194538529) Importer(815301076,1909f56bfc062723c751e8b465ee728b)  -> (artifact id: 'abdc6bc0e65be19e012308dc1c43671e') in 0.001496 seconds
  Import took 0.003017 seconds .

========================================================================
Received Import Request.
  Time since last request: 1539.452390 seconds.
  path: Assets/CustomRP/Shaders/Unlit.shader
  artifactKey: Guid(eda327c5a2c481d4ba77d41194538529) Importer(815301076,1909f56bfc062723c751e8b465ee728b)
Start importing Assets/CustomRP/Shaders/Unlit.shader using Guid(eda327c5a2c481d4ba77d41194538529) Importer(815301076,1909f56bfc062723c751e8b465ee728b)  -> (artifact id: '24c0e1e1a9e438130985b20f5c10a16e') in 0.001864 seconds
  Import took 0.003844 seconds .

========================================================================
Received Prepare
Registering precompiled user dll's ...
Registered in 0.000639 seconds.
Begin MonoManager ReloadAssembly
Native extension for WindowsStandalone target not found
Refreshing native plugins compatible for Editor in 0.21 ms, found 0 plugins.
Preloading 0 native plugins for Editor in 0.00 ms.
Invoked RoslynAnalysisRunner static constructor.
RoslynAnalysisRunner will not be running.
RoslynAnalysisRunner has terminated.
Mono: successfully reloaded assembly
- Completed reload, in  0.632 seconds
Platform modules already initialized, skipping
Refreshing native plugins compatible for Editor in 0.21 ms, found 0 plugins.
Preloading 0 native plugins for Editor in 0.00 ms.
Unloading 1282 Unused Serialized files (Serialized files now loaded: 0)
System memory in use before: 62.6 MB.
System memory in use after: 62.7 MB.

Unloading 5 unused Assets to reduce memory usage. Loaded Objects now: 1740.
Total: 1.504200 ms (FindLiveObjects: 0.131900 ms CreateObjectMapping: 0.046600 ms MarkObjects: 1.312000 ms  DeleteObjects: 0.012700 ms)

========================================================================
Received Import Request.
  Time since last request: 440.945533 seconds.
  path: Assets/CustomRP/Examples/PerObjectMaterialProperties.cs
  artifactKey: Guid(567d30ddbc196b241a3f50699801ed6f) Importer(815301076,1909f56bfc062723c751e8b465ee728b)
Start importing Assets/CustomRP/Examples/PerObjectMaterialProperties.cs using Guid(567d30ddbc196b241a3f50699801ed6f) Importer(815301076,1909f56bfc062723c751e8b465ee728b)  -> (artifact id: 'e983bf9ae0a2c9f0dedefd94e8d0412e') in 0.005539 seconds
  Import took 0.007205 seconds .

========================================================================
Received Prepare
Registering precompiled user dll's ...
Registered in 0.000560 seconds.
Begin MonoManager ReloadAssembly
Native extension for WindowsStandalone target not found
Refreshing native plugins compatible for Editor in 0.21 ms, found 0 plugins.
Preloading 0 native plugins for Editor in 0.00 ms.
Invoked RoslynAnalysisRunner static constructor.
RoslynAnalysisRunner will not be running.
RoslynAnalysisRunner has terminated.
Mono: successfully reloaded assembly
- Completed reload, in  0.617 seconds
Platform modules already initialized, skipping
Refreshing native plugins compatible for Editor in 0.18 ms, found 0 plugins.
Preloading 0 native plugins for Editor in 0.00 ms.
Unloading 1282 Unused Serialized files (Serialized files now loaded: 0)
System memory in use before: 62.6 MB.
System memory in use after: 62.7 MB.

Unloading 5 unused Assets to reduce memory usage. Loaded Objects now: 1743.
Total: 1.255300 ms (FindLiveObjects: 0.135400 ms CreateObjectMapping: 0.040500 ms MarkObjects: 1.068700 ms  DeleteObjects: 0.010000 ms)

========================================================================
Received Import Request.
  Time since last request: 48378.743943 seconds.
  path: Assets/CustomRP/Examples/MeshBall.cs
  artifactKey: Guid(fb87af560ab85c5499099d794d0d4d6e) Importer(815301076,1909f56bfc062723c751e8b465ee728b)
Start importing Assets/CustomRP/Examples/MeshBall.cs using Guid(fb87af560ab85c5499099d794d0d4d6e) Importer(815301076,1909f56bfc062723c751e8b465ee728b)  -> (artifact id: 'c63db45d5102fb8014c1d344d1c2b914') in 0.003245 seconds
  Import took 0.004909 seconds .

========================================================================
Received Import Request.
  Time since last request: 0.002202 seconds.
  path: Assets/CustomRP/Examples/MeshBall.cs
  artifactKey: Guid(fb87af560ab85c5499099d794d0d4d6e) Importer(815301076,1909f56bfc062723c751e8b465ee728b)
Start importing Assets/CustomRP/Examples/MeshBall.cs using Guid(fb87af560ab85c5499099d794d0d4d6e) Importer(815301076,1909f56bfc062723c751e8b465ee728b)  -> (artifact id: 'c63db45d5102fb8014c1d344d1c2b914') in 0.001340 seconds
  Import took 0.002812 seconds .

AssetImportWorkerClient::OnTransportError - code=2 error=End of file
