Using pre-set license
Built from '2020.3/china_unity/release' branch; Version is '2020.3.1f1c1 (3e9f4b065a9d) revision 4104011'; Using compiler version '192528614'; Build Type 'Release'
OS: 'Windows 10 Home China; OS build 19042.1110; Version 2009; 64bit' Language: 'zh' Physical Memory: 65249 MB
BatchMode: 1, IsHumanControllingUs: 0, StartBugReporterOnCrash: 0, Is64bit: 1, IsPro: 0

 COMMAND LINE ARGUMENTS:
C:\Program Files\Unity\Hub\Editor\2020.3.1f1c1\Editor\Unity.exe
-adb2
-batchMode
-noUpm
-name
AssetImportWorker0
-projectPath
D:/Joker/Codes/SRP/Chapter02
-logFile
Logs/AssetImportWorker0.log
-srvPort
64275
Successfully changed project path to: D:/Joker/Codes/SRP/Chapter02
D:/Joker/Codes/SRP/Chapter02
Using Asset Import Pipeline V2.
Refreshing native plugins compatible for Editor in 21.42 ms, found 0 plugins.
Preloading 0 native plugins for Editor in 0.00 ms.
Initialize engine version: 2020.3.1f1c1 (3e9f4b065a9d)
[Subsystems] Discovering subsystems at path C:/Program Files/Unity/Hub/Editor/2020.3.1f1c1/Editor/Data/Resources/UnitySubsystems
[Subsystems] Discovering subsystems at path D:/Joker/Codes/SRP/Chapter02/Assets
GfxDevice: creating device client; threaded=0
Direct3D:
    Version:  Direct3D 11.0 [level 11.1]
    Renderer: NVIDIA GeForce RTX 2060 (ID=0x1f08)
    Vendor:   
    VRAM:     5980 MB
    Driver:   27.21.14.6172
Initialize mono
Mono path[0] = 'C:/Program Files/Unity/Hub/Editor/2020.3.1f1c1/Editor/Data/Managed'
Mono path[1] = 'C:/Program Files/Unity/Hub/Editor/2020.3.1f1c1/Editor/Data/MonoBleedingEdge/lib/mono/unityjit'
Mono config path = 'C:/Program Files/Unity/Hub/Editor/2020.3.1f1c1/Editor/Data/MonoBleedingEdge/etc'
Using monoOptions --debugger-agent=transport=dt_socket,embedding=1,server=y,suspend=n,address=127.0.0.1:56208
Begin MonoManager ReloadAssembly
Registering precompiled unity dll's ...
Register platform support module: C:/Program Files/Unity/Hub/Editor/2020.3.1f1c1/Editor/Data/PlaybackEngines/WindowsStandaloneSupport/UnityEditor.WindowsStandalone.Extensions.dll
Registered in 0.001037 seconds.
Native extension for WindowsStandalone target not found
Refreshing native plugins compatible for Editor in 19.96 ms, found 0 plugins.
Preloading 0 native plugins for Editor in 0.00 ms.
Invoked RoslynAnalysisRunner static constructor.
RoslynAnalysisRunner will not be running.
RoslynAnalysisRunner has terminated.
Mono: successfully reloaded assembly
- Completed reload, in  1.286 seconds
Platform modules already initialized, skipping
Registering precompiled user dll's ...
Registered in 0.000514 seconds.
Begin MonoManager ReloadAssembly
Native extension for WindowsStandalone target not found
Refreshing native plugins compatible for Editor in 20.24 ms, found 0 plugins.
Preloading 0 native plugins for Editor in 0.00 ms.
Invoked RoslynAnalysisRunner static constructor.
RoslynAnalysisRunner will not be running.
RoslynAnalysisRunner has terminated.
Mono: successfully reloaded assembly
- Completed reload, in  0.665 seconds
Platform modules already initialized, skipping
========================================================================
Worker process is ready to serve import requests
Launched and connected shader compiler UnityShaderCompiler.exe after 0.03 seconds
Refreshing native plugins compatible for Editor in 0.21 ms, found 0 plugins.
Preloading 0 native plugins for Editor in 0.00 ms.
Unloading 1293 Unused Serialized files (Serialized files now loaded: 0)
System memory in use before: 63.0 MB.
System memory in use after: 63.1 MB.

Unloading 10 unused Assets to reduce memory usage. Loaded Objects now: 1737.
Total: 1.472700 ms (FindLiveObjects: 0.164600 ms CreateObjectMapping: 0.048000 ms MarkObjects: 1.209700 ms  DeleteObjects: 0.049500 ms)

========================================================================
Received Import Request.
  path: Assets/CustomRP/Runtime/CameraRenderer.cs
  artifactKey: Guid(3c738f303cceaad4981c447dff5b7ec0) Importer(815301076,1909f56bfc062723c751e8b465ee728b)
Start importing Assets/CustomRP/Runtime/CameraRenderer.cs using Guid(3c738f303cceaad4981c447dff5b7ec0) Importer(815301076,1909f56bfc062723c751e8b465ee728b)  -> (artifact id: '54874a8de29d0a0c0ecbe3ee5fc7685f') in 0.013212 seconds
  Import took 0.014877 seconds .

========================================================================
Received Import Request.
  Time since last request: 2.336988 seconds.
  path: Assets/CustomRP/Runtime/CameraRenderer.Editor.cs
  artifactKey: Guid(e638d18945f167744bc8c15ea0436912) Importer(815301076,1909f56bfc062723c751e8b465ee728b)
Start importing Assets/CustomRP/Runtime/CameraRenderer.Editor.cs using Guid(e638d18945f167744bc8c15ea0436912) Importer(815301076,1909f56bfc062723c751e8b465ee728b)  -> (artifact id: '93c11e984c1e5f533ec54c80b4f3f0e3') in 0.001728 seconds
  Import took 0.003843 seconds .

========================================================================
Received Import Request.
  Time since last request: 0.010259 seconds.
  path: Assets/CustomRP/Runtime/CameraRenderer.Editor.cs
  artifactKey: Guid(e638d18945f167744bc8c15ea0436912) Importer(815301076,1909f56bfc062723c751e8b465ee728b)
Start importing Assets/CustomRP/Runtime/CameraRenderer.Editor.cs using Guid(e638d18945f167744bc8c15ea0436912) Importer(815301076,1909f56bfc062723c751e8b465ee728b)  -> (artifact id: '93c11e984c1e5f533ec54c80b4f3f0e3') in 0.001107 seconds
  Import took 0.002893 seconds .

========================================================================
Received Import Request.
  Time since last request: 1.404953 seconds.
  path: Assets/CustomRP/Runtime/CustomRenderPipeline.cs
  artifactKey: Guid(202b729131fbe7a41a3a821ff5d5c4f9) Importer(815301076,1909f56bfc062723c751e8b465ee728b)
Start importing Assets/CustomRP/Runtime/CustomRenderPipeline.cs using Guid(202b729131fbe7a41a3a821ff5d5c4f9) Importer(815301076,1909f56bfc062723c751e8b465ee728b)  -> (artifact id: 'd5ad9991de79643ae22dafab327220ab') in 0.001501 seconds
  Import took 0.003203 seconds .

========================================================================
Received Import Request.
  Time since last request: 0.004416 seconds.
  path: Assets/CustomRP/Runtime/CustomRenderPipeline.cs
  artifactKey: Guid(202b729131fbe7a41a3a821ff5d5c4f9) Importer(815301076,1909f56bfc062723c751e8b465ee728b)
Start importing Assets/CustomRP/Runtime/CustomRenderPipeline.cs using Guid(202b729131fbe7a41a3a821ff5d5c4f9) Importer(815301076,1909f56bfc062723c751e8b465ee728b)  -> (artifact id: 'd5ad9991de79643ae22dafab327220ab') in 0.001435 seconds
  Import took 0.003915 seconds .

========================================================================
Received Import Request.
  Time since last request: 0.881497 seconds.
  path: Assets/CustomRP/Runtime/CustomRenderPipelineAsset.cs
  artifactKey: Guid(e6ecaaae0ea91564f8e56d78be12afa0) Importer(815301076,1909f56bfc062723c751e8b465ee728b)
Start importing Assets/CustomRP/Runtime/CustomRenderPipelineAsset.cs using Guid(e6ecaaae0ea91564f8e56d78be12afa0) Importer(815301076,1909f56bfc062723c751e8b465ee728b)  -> (artifact id: '7a1662f52c7d5d5662d0b9c25195882f') in 0.001253 seconds
  Import took 0.002835 seconds .

========================================================================
Received Import Request.
  Time since last request: 0.003220 seconds.
  path: Assets/CustomRP/Runtime/CustomRenderPipelineAsset.cs
  artifactKey: Guid(e6ecaaae0ea91564f8e56d78be12afa0) Importer(815301076,1909f56bfc062723c751e8b465ee728b)
Start importing Assets/CustomRP/Runtime/CustomRenderPipelineAsset.cs using Guid(e6ecaaae0ea91564f8e56d78be12afa0) Importer(815301076,1909f56bfc062723c751e8b465ee728b)  -> (artifact id: '7a1662f52c7d5d5662d0b9c25195882f') in 0.001065 seconds
  Import took 0.002515 seconds .

========================================================================
Received Import Request.
  Time since last request: 8.509028 seconds.
  path: Assets/CustomRP/Shaders/Unlit.shader
  artifactKey: Guid(eda327c5a2c481d4ba77d41194538529) Importer(815301076,1909f56bfc062723c751e8b465ee728b)
Start importing Assets/CustomRP/Shaders/Unlit.shader using Guid(eda327c5a2c481d4ba77d41194538529) Importer(815301076,1909f56bfc062723c751e8b465ee728b)  -> (artifact id: '57d85068a4f9bbe6ec9aad38c9f8fcc7') in 0.010183 seconds
  Import took 0.011796 seconds .

========================================================================
Received Import Request.
  Time since last request: 0.014615 seconds.
  path: Assets/CustomRP/Shaders/Unlit.shader
  artifactKey: Guid(eda327c5a2c481d4ba77d41194538529) Importer(815301076,1909f56bfc062723c751e8b465ee728b)
Start importing Assets/CustomRP/Shaders/Unlit.shader using Guid(eda327c5a2c481d4ba77d41194538529) Importer(815301076,1909f56bfc062723c751e8b465ee728b)  -> (artifact id: '57d85068a4f9bbe6ec9aad38c9f8fcc7') in 0.001541 seconds
  Import took 0.003096 seconds .

========================================================================
Received Prepare
Registering precompiled user dll's ...
Registered in 0.000685 seconds.
Begin MonoManager ReloadAssembly
Native extension for WindowsStandalone target not found
Refreshing native plugins compatible for Editor in 0.21 ms, found 0 plugins.
Preloading 0 native plugins for Editor in 0.00 ms.
Invoked RoslynAnalysisRunner static constructor.
RoslynAnalysisRunner will not be running.
RoslynAnalysisRunner has terminated.
Mono: successfully reloaded assembly
- Completed reload, in  0.609 seconds
Platform modules already initialized, skipping
Refreshing native plugins compatible for Editor in 0.12 ms, found 0 plugins.
Preloading 0 native plugins for Editor in 0.00 ms.
Unloading 1282 Unused Serialized files (Serialized files now loaded: 0)
System memory in use before: 62.6 MB.
System memory in use after: 62.7 MB.

Unloading 5 unused Assets to reduce memory usage. Loaded Objects now: 1740.
Total: 2.430900 ms (FindLiveObjects: 0.384500 ms CreateObjectMapping: 0.150400 ms MarkObjects: 1.883000 ms  DeleteObjects: 0.010200 ms)

========================================================================
Received Prepare
Registering precompiled user dll's ...
Registered in 0.000661 seconds.
Begin MonoManager ReloadAssembly
Native extension for WindowsStandalone target not found
Refreshing native plugins compatible for Editor in 0.21 ms, found 0 plugins.
Preloading 0 native plugins for Editor in 0.00 ms.
Invoked RoslynAnalysisRunner static constructor.
RoslynAnalysisRunner will not be running.
RoslynAnalysisRunner has terminated.
Mono: successfully reloaded assembly
- Completed reload, in  0.598 seconds
Platform modules already initialized, skipping
Refreshing native plugins compatible for Editor in 0.16 ms, found 0 plugins.
Preloading 0 native plugins for Editor in 0.00 ms.
Unloading 1282 Unused Serialized files (Serialized files now loaded: 0)
System memory in use before: 62.6 MB.
System memory in use after: 62.7 MB.

Unloading 5 unused Assets to reduce memory usage. Loaded Objects now: 1743.
Total: 1.629000 ms (FindLiveObjects: 0.165400 ms CreateObjectMapping: 0.050900 ms MarkObjects: 1.395600 ms  DeleteObjects: 0.015500 ms)

AssetImportWorkerClient::OnTransportError - code=2 error=End of file
