Using pre-set license
Built from '2020.3/china_unity/release' branch; Version is '2020.3.1f1c1 (3e9f4b065a9d) revision 4104011'; Using compiler version '192528614'; Build Type 'Release'
OS: 'Windows 10 Home China; OS build 19042.1110; Version 2009; 64bit' Language: 'zh' Physical Memory: 65249 MB
BatchMode: 1, IsHumanControllingUs: 0, StartBugReporterOnCrash: 0, Is64bit: 1, IsPro: 0

 COMMAND LINE ARGUMENTS:
C:\Program Files\Unity\Hub\Editor\2020.3.1f1c1\Editor\Unity.exe
-adb2
-batchMode
-noUpm
-name
AssetImportWorker0
-projectPath
D:/Joker/Codes/SRP/SRP
-logFile
Logs/AssetImportWorker0.log
-srvPort
62587
Successfully changed project path to: D:/Joker/Codes/SRP/SRP
D:/Joker/Codes/SRP/SRP
Using Asset Import Pipeline V2.
Refreshing native plugins compatible for Editor in 19.57 ms, found 0 plugins.
Preloading 0 native plugins for Editor in 0.00 ms.
Initialize engine version: 2020.3.1f1c1 (3e9f4b065a9d)
[Subsystems] Discovering subsystems at path C:/Program Files/Unity/Hub/Editor/2020.3.1f1c1/Editor/Data/Resources/UnitySubsystems
[Subsystems] Discovering subsystems at path D:/Joker/Codes/SRP/SRP/Assets
GfxDevice: creating device client; threaded=0
Direct3D:
    Version:  Direct3D 11.0 [level 11.1]
    Renderer: NVIDIA GeForce RTX 2060 (ID=0x1f08)
    Vendor:   
    VRAM:     5980 MB
    Driver:   27.21.14.6172
Initialize mono
Mono path[0] = 'C:/Program Files/Unity/Hub/Editor/2020.3.1f1c1/Editor/Data/Managed'
Mono path[1] = 'C:/Program Files/Unity/Hub/Editor/2020.3.1f1c1/Editor/Data/MonoBleedingEdge/lib/mono/unityjit'
Mono config path = 'C:/Program Files/Unity/Hub/Editor/2020.3.1f1c1/Editor/Data/MonoBleedingEdge/etc'
Using monoOptions --debugger-agent=transport=dt_socket,embedding=1,server=y,suspend=n,address=127.0.0.1:56028
Begin MonoManager ReloadAssembly
Registering precompiled unity dll's ...
Register platform support module: C:/Program Files/Unity/Hub/Editor/2020.3.1f1c1/Editor/Data/PlaybackEngines/WindowsStandaloneSupport/UnityEditor.WindowsStandalone.Extensions.dll
Registered in 0.001314 seconds.
Native extension for WindowsStandalone target not found
Refreshing native plugins compatible for Editor in 20.38 ms, found 0 plugins.
Preloading 0 native plugins for Editor in 0.00 ms.
Invoked RoslynAnalysisRunner static constructor.
RoslynAnalysisRunner will not be running.
RoslynAnalysisRunner has terminated.
Mono: successfully reloaded assembly
- Completed reload, in  1.524 seconds
Platform modules already initialized, skipping
Registering precompiled user dll's ...
Registered in 0.000498 seconds.
Begin MonoManager ReloadAssembly
Native extension for WindowsStandalone target not found
Refreshing native plugins compatible for Editor in 20.01 ms, found 0 plugins.
Preloading 0 native plugins for Editor in 0.00 ms.
Invoked RoslynAnalysisRunner static constructor.
RoslynAnalysisRunner will not be running.
RoslynAnalysisRunner has terminated.
Mono: successfully reloaded assembly
- Completed reload, in  0.654 seconds
Platform modules already initialized, skipping
========================================================================
Worker process is ready to serve import requests
Launched and connected shader compiler UnityShaderCompiler.exe after 0.04 seconds
Refreshing native plugins compatible for Editor in 0.30 ms, found 0 plugins.
Preloading 0 native plugins for Editor in 0.00 ms.
Unloading 1207 Unused Serialized files (Serialized files now loaded: 0)
System memory in use before: 60.0 MB.
System memory in use after: 60.1 MB.

Unloading 10 unused Assets to reduce memory usage. Loaded Objects now: 1649.
Total: 1.533900 ms (FindLiveObjects: 0.119700 ms CreateObjectMapping: 0.034700 ms MarkObjects: 1.323900 ms  DeleteObjects: 0.054600 ms)

========================================================================
Received Import Request.
  path: Assets/Scene/Scene16
  artifactKey: Guid(d277681e59a27ce40bb9d66e7a5e1ebe) Importer(815301076,1909f56bfc062723c751e8b465ee728b)
Start importing Assets/Scene/Scene16 using Guid(d277681e59a27ce40bb9d66e7a5e1ebe) Importer(815301076,1909f56bfc062723c751e8b465ee728b)  -> (artifact id: '5eff24a8bd584301973a40859e646941') in 0.004889 seconds
  Import took 0.006329 seconds .

========================================================================
Received Import Request.
  Time since last request: 0.000184 seconds.
  path: Assets/Scene/Scene16/Scene16.unity
  artifactKey: Guid(cfaad0f3d1811814ab6eefc32ef8e9a5) Importer(815301076,1909f56bfc062723c751e8b465ee728b)
Start importing Assets/Scene/Scene16/Scene16.unity using Guid(cfaad0f3d1811814ab6eefc32ef8e9a5) Importer(815301076,1909f56bfc062723c751e8b465ee728b)  -> (artifact id: '7b14ea9ca75022c45ca2bc17d85e86f0') in 0.006231 seconds
  Import took 0.007560 seconds .

========================================================================
Received Import Request.
  Time since last request: 23.076743 seconds.
  path: Assets/CustomRP/Runtime/Lighting.cs
  artifactKey: Guid(e7b6c8cbaefbee14dad19d910c99a277) Importer(815301076,1909f56bfc062723c751e8b465ee728b)
Start importing Assets/CustomRP/Runtime/Lighting.cs using Guid(e7b6c8cbaefbee14dad19d910c99a277) Importer(815301076,1909f56bfc062723c751e8b465ee728b)  -> (artifact id: '133744438e87e323707a32fe792011d9') in 0.011980 seconds
  Import took 0.013471 seconds .

========================================================================
Received Import Request.
  Time since last request: 0.056844 seconds.
  path: Assets/CustomRP/Runtime/Lighting.cs
  artifactKey: Guid(e7b6c8cbaefbee14dad19d910c99a277) Importer(815301076,1909f56bfc062723c751e8b465ee728b)
Start importing Assets/CustomRP/Runtime/Lighting.cs using Guid(e7b6c8cbaefbee14dad19d910c99a277) Importer(815301076,1909f56bfc062723c751e8b465ee728b)  -> (artifact id: '133744438e87e323707a32fe792011d9') in 0.001085 seconds
  Import took 0.002579 seconds .

========================================================================
Received Import Request.
  Time since last request: 48.781815 seconds.
  path: Assets/CustomRP/Runtime/CustomRenderPipelineAsset.cs
  artifactKey: Guid(e6ecaaae0ea91564f8e56d78be12afa0) Importer(815301076,1909f56bfc062723c751e8b465ee728b)
Start importing Assets/CustomRP/Runtime/CustomRenderPipelineAsset.cs using Guid(e6ecaaae0ea91564f8e56d78be12afa0) Importer(815301076,1909f56bfc062723c751e8b465ee728b)  -> (artifact id: '09f094694d39a06587eacdf9dec1bef6') in 0.001274 seconds
  Import took 0.002772 seconds .

========================================================================
Received Import Request.
  Time since last request: 0.007804 seconds.
  path: Assets/CustomRP/Runtime/CustomRenderPipelineAsset.cs
  artifactKey: Guid(e6ecaaae0ea91564f8e56d78be12afa0) Importer(815301076,1909f56bfc062723c751e8b465ee728b)
Start importing Assets/CustomRP/Runtime/CustomRenderPipelineAsset.cs using Guid(e6ecaaae0ea91564f8e56d78be12afa0) Importer(815301076,1909f56bfc062723c751e8b465ee728b)  -> (artifact id: '09f094694d39a06587eacdf9dec1bef6') in 0.001158 seconds
  Import took 0.002525 seconds .

========================================================================
Received Import Request.
  Time since last request: 1312.896361 seconds.
  path: Assets/CustomRP/Runtime/CameraRenderer.cs
  artifactKey: Guid(3c738f303cceaad4981c447dff5b7ec0) Importer(815301076,1909f56bfc062723c751e8b465ee728b)
Start importing Assets/CustomRP/Runtime/CameraRenderer.cs using Guid(3c738f303cceaad4981c447dff5b7ec0) Importer(815301076,1909f56bfc062723c751e8b465ee728b)  -> (artifact id: '5c5037fad75d2a97952fd33ceb7c3e7d') in 0.001314 seconds
  Import took 0.003017 seconds .

========================================================================
Received Import Request.
  Time since last request: 0.025678 seconds.
  path: Assets/CustomRP/Runtime/CameraRenderer.cs
  artifactKey: Guid(3c738f303cceaad4981c447dff5b7ec0) Importer(815301076,1909f56bfc062723c751e8b465ee728b)
Start importing Assets/CustomRP/Runtime/CameraRenderer.cs using Guid(3c738f303cceaad4981c447dff5b7ec0) Importer(815301076,1909f56bfc062723c751e8b465ee728b)  -> (artifact id: '5c5037fad75d2a97952fd33ceb7c3e7d') in 0.001127 seconds
  Import took 0.002614 seconds .

========================================================================
Received Import Request.
  Time since last request: 0.832921 seconds.
  path: Assets/CustomRP/Runtime/CustomRenderPipeline.cs
  artifactKey: Guid(202b729131fbe7a41a3a821ff5d5c4f9) Importer(815301076,1909f56bfc062723c751e8b465ee728b)
Start importing Assets/CustomRP/Runtime/CustomRenderPipeline.cs using Guid(202b729131fbe7a41a3a821ff5d5c4f9) Importer(815301076,1909f56bfc062723c751e8b465ee728b)  -> (artifact id: '2c353036d4fd3de832aa41542044d8eb') in 0.001268 seconds
  Import took 0.002703 seconds .

========================================================================
Received Import Request.
  Time since last request: 0.004451 seconds.
  path: Assets/CustomRP/Runtime/CustomRenderPipeline.cs
  artifactKey: Guid(202b729131fbe7a41a3a821ff5d5c4f9) Importer(815301076,1909f56bfc062723c751e8b465ee728b)
Start importing Assets/CustomRP/Runtime/CustomRenderPipeline.cs using Guid(202b729131fbe7a41a3a821ff5d5c4f9) Importer(815301076,1909f56bfc062723c751e8b465ee728b)  -> (artifact id: '2c353036d4fd3de832aa41542044d8eb') in 0.001105 seconds
  Import took 0.002544 seconds .

========================================================================
Received Import Request.
  Time since last request: 0.423671 seconds.
  path: Assets/CustomRP/Runtime/CustomRenderPipelineAsset.Editor.cs
  artifactKey: Guid(837451e28eb11824288649226f95f980) Importer(815301076,1909f56bfc062723c751e8b465ee728b)
Start importing Assets/CustomRP/Runtime/CustomRenderPipelineAsset.Editor.cs using Guid(837451e28eb11824288649226f95f980) Importer(815301076,1909f56bfc062723c751e8b465ee728b)  -> (artifact id: '6a535028f666657950734ba714c2ed3e') in 0.001408 seconds
  Import took 0.002858 seconds .

========================================================================
Received Import Request.
  Time since last request: 0.002224 seconds.
  path: Assets/CustomRP/Runtime/CustomRenderPipelineAsset.Editor.cs
  artifactKey: Guid(837451e28eb11824288649226f95f980) Importer(815301076,1909f56bfc062723c751e8b465ee728b)
Start importing Assets/CustomRP/Runtime/CustomRenderPipelineAsset.Editor.cs using Guid(837451e28eb11824288649226f95f980) Importer(815301076,1909f56bfc062723c751e8b465ee728b)  -> (artifact id: '6a535028f666657950734ba714c2ed3e') in 0.001160 seconds
  Import took 0.002460 seconds .

========================================================================
Received Import Request.
  Time since last request: 2.013945 seconds.
  path: Assets/CustomRP/Runtime/PostFXStack.cs
  artifactKey: Guid(d1883d9ea3dbbbc42af9449899be7a17) Importer(815301076,1909f56bfc062723c751e8b465ee728b)
Start importing Assets/CustomRP/Runtime/PostFXStack.cs using Guid(d1883d9ea3dbbbc42af9449899be7a17) Importer(815301076,1909f56bfc062723c751e8b465ee728b)  -> (artifact id: '858bd535b60a7adc5e0abb5cd5edaf7a') in 0.001857 seconds
  Import took 0.003380 seconds .

========================================================================
Received Import Request.
  Time since last request: 0.007396 seconds.
  path: Assets/CustomRP/Runtime/PostFXStack.cs
  artifactKey: Guid(d1883d9ea3dbbbc42af9449899be7a17) Importer(815301076,1909f56bfc062723c751e8b465ee728b)
Start importing Assets/CustomRP/Runtime/PostFXStack.cs using Guid(d1883d9ea3dbbbc42af9449899be7a17) Importer(815301076,1909f56bfc062723c751e8b465ee728b)  -> (artifact id: '858bd535b60a7adc5e0abb5cd5edaf7a') in 0.001080 seconds
  Import took 0.002536 seconds .

========================================================================
Received Import Request.
  Time since last request: 0.469515 seconds.
  path: Assets/CustomRP/Runtime/ReinterpretExtensions.cs
  artifactKey: Guid(5c2cade2ef2f76a4cbe8bc5a1416f0de) Importer(815301076,1909f56bfc062723c751e8b465ee728b)
Start importing Assets/CustomRP/Runtime/ReinterpretExtensions.cs using Guid(5c2cade2ef2f76a4cbe8bc5a1416f0de) Importer(815301076,1909f56bfc062723c751e8b465ee728b)  -> (artifact id: '7f5e1373373b0732e5c864492312859b') in 0.001465 seconds
  Import took 0.002939 seconds .

========================================================================
Received Import Request.
  Time since last request: 0.002295 seconds.
  path: Assets/CustomRP/Runtime/ReinterpretExtensions.cs
  artifactKey: Guid(5c2cade2ef2f76a4cbe8bc5a1416f0de) Importer(815301076,1909f56bfc062723c751e8b465ee728b)
Start importing Assets/CustomRP/Runtime/ReinterpretExtensions.cs using Guid(5c2cade2ef2f76a4cbe8bc5a1416f0de) Importer(815301076,1909f56bfc062723c751e8b465ee728b)  -> (artifact id: '7f5e1373373b0732e5c864492312859b') in 0.001146 seconds
  Import took 0.002452 seconds .

========================================================================
Received Import Request.
  Time since last request: 1.243965 seconds.
  path: Assets/CustomRP/Runtime/RenderingLayerMaskFieldAttribute.cs
  artifactKey: Guid(398f0b011df578648941bf29a53e1d01) Importer(815301076,1909f56bfc062723c751e8b465ee728b)
Start importing Assets/CustomRP/Runtime/RenderingLayerMaskFieldAttribute.cs using Guid(398f0b011df578648941bf29a53e1d01) Importer(815301076,1909f56bfc062723c751e8b465ee728b)  -> (artifact id: '9433a489d249685f4178691962e81abd') in 0.001214 seconds
  Import took 0.002684 seconds .

========================================================================
Received Import Request.
  Time since last request: 0.000375 seconds.
  path: Assets/CustomRP/Runtime/RenderingLayerMaskFieldAttribute.cs
  artifactKey: Guid(398f0b011df578648941bf29a53e1d01) Importer(815301076,1909f56bfc062723c751e8b465ee728b)
Start importing Assets/CustomRP/Runtime/RenderingLayerMaskFieldAttribute.cs using Guid(398f0b011df578648941bf29a53e1d01) Importer(815301076,1909f56bfc062723c751e8b465ee728b)  -> (artifact id: '9433a489d249685f4178691962e81abd') in 0.001043 seconds
  Import took 0.002355 seconds .

========================================================================
Received Import Request.
  Time since last request: 0.674620 seconds.
  path: Assets/CustomRP/Runtime/Shadows.cs
  artifactKey: Guid(05fa1d3aed2ff1e4cb944f3955126ab3) Importer(815301076,1909f56bfc062723c751e8b465ee728b)
Start importing Assets/CustomRP/Runtime/Shadows.cs using Guid(05fa1d3aed2ff1e4cb944f3955126ab3) Importer(815301076,1909f56bfc062723c751e8b465ee728b)  -> (artifact id: '58868d351b5650da5f38c563899b1a3c') in 0.001269 seconds
  Import took 0.002803 seconds .

========================================================================
Received Import Request.
  Time since last request: 0.006871 seconds.
  path: Assets/CustomRP/Runtime/Shadows.cs
  artifactKey: Guid(05fa1d3aed2ff1e4cb944f3955126ab3) Importer(815301076,1909f56bfc062723c751e8b465ee728b)
Start importing Assets/CustomRP/Runtime/Shadows.cs using Guid(05fa1d3aed2ff1e4cb944f3955126ab3) Importer(815301076,1909f56bfc062723c751e8b465ee728b)  -> (artifact id: '58868d351b5650da5f38c563899b1a3c') in 0.001038 seconds
  Import took 0.002414 seconds .

AssetImportWorkerClient::OnTransportError - code=2 error=End of file
